[2025-03-27 20:26:21Z INFO HostContext] No proxy settings were found based on environmental variables (http_proxy/https_proxy/HTTP_PROXY/HTTPS_PROXY)
[2025-03-27 20:26:21Z INFO HostContext] Well known directory 'Bin': 'C:\Users\Bruno\OneDrive\Área de Trabalho\WBio\actions-runner\bin'
[2025-03-27 20:26:21Z INFO HostContext] Well known directory 'Root': 'C:\Users\Bruno\OneDrive\Área de Trabalho\WBio\actions-runner'
[2025-03-27 20:26:21Z INFO HostContext] Well known config file 'Credentials': 'C:\Users\Bruno\OneDrive\Área de Trabalho\WBio\actions-runner\.credentials'
[2025-03-27 20:26:21Z INFO HostContext] Well known directory 'Bin': 'C:\Users\Bruno\OneDrive\Área de Trabalho\WBio\actions-runner\bin'
[2025-03-27 20:26:21Z INFO HostContext] Well known directory 'Root': 'C:\Users\Bruno\OneDrive\Área de Trabalho\WBio\actions-runner'
[2025-03-27 20:26:21Z INFO HostContext] Well known config file 'Runner': 'C:\Users\Bruno\OneDrive\Área de Trabalho\WBio\actions-runner\.runner'
[2025-03-27 20:26:21Z INFO Listener] Runner is built for Windows (X64) - win-x64.
[2025-03-27 20:26:21Z INFO Listener] RuntimeInformation: Microsoft Windows 10.0.22631.
[2025-03-27 20:26:21Z INFO Listener] Version: 2.323.0
[2025-03-27 20:26:21Z INFO Listener] Commit: d8b82f44a9ec0258904d5869ae683c31d5aac299
[2025-03-27 20:26:21Z INFO Listener] Culture: pt-BR
[2025-03-27 20:26:21Z INFO Listener] UI Culture: pt-BR
[2025-03-27 20:26:21Z INFO HostContext] Well known directory 'Bin': 'C:\Users\Bruno\OneDrive\Área de Trabalho\WBio\actions-runner\bin'
[2025-03-27 20:26:21Z INFO HostContext] Well known directory 'Root': 'C:\Users\Bruno\OneDrive\Área de Trabalho\WBio\actions-runner'
[2025-03-27 20:26:21Z INFO Listener] Validating directory permissions for: 'C:\Users\Bruno\OneDrive\Área de Trabalho\WBio\actions-runner'
[2025-03-27 20:26:21Z INFO CommandLineParser] Parse
[2025-03-27 20:26:21Z INFO CommandLineParser] Parsing 1 args
[2025-03-27 20:26:21Z INFO CommandLineParser] parsing argument
[2025-03-27 20:26:21Z INFO CommandLineParser] HasArgs: False
[2025-03-27 20:26:21Z INFO CommandLineParser] Adding Command: run
[2025-03-27 20:26:21Z INFO Listener] Arguments parsed
[2025-03-27 20:26:21Z INFO Runner] ExecuteCommand
[2025-03-27 20:26:21Z INFO ConfigurationStore] currentAssemblyLocation: C:\Users\Bruno\OneDrive\Área de Trabalho\WBio\actions-runner\bin\Runner.Listener.dll
[2025-03-27 20:26:21Z INFO HostContext] Well known directory 'Bin': 'C:\Users\Bruno\OneDrive\Área de Trabalho\WBio\actions-runner\bin'
[2025-03-27 20:26:21Z INFO ConfigurationStore] binPath: C:\Users\Bruno\OneDrive\Área de Trabalho\WBio\actions-runner\bin
[2025-03-27 20:26:21Z INFO HostContext] Well known directory 'Bin': 'C:\Users\Bruno\OneDrive\Área de Trabalho\WBio\actions-runner\bin'
[2025-03-27 20:26:21Z INFO HostContext] Well known directory 'Root': 'C:\Users\Bruno\OneDrive\Área de Trabalho\WBio\actions-runner'
[2025-03-27 20:26:21Z INFO ConfigurationStore] RootFolder: C:\Users\Bruno\OneDrive\Área de Trabalho\WBio\actions-runner
[2025-03-27 20:26:21Z INFO HostContext] Well known directory 'Bin': 'C:\Users\Bruno\OneDrive\Área de Trabalho\WBio\actions-runner\bin'
[2025-03-27 20:26:21Z INFO HostContext] Well known directory 'Root': 'C:\Users\Bruno\OneDrive\Área de Trabalho\WBio\actions-runner'
[2025-03-27 20:26:21Z INFO HostContext] Well known config file 'Runner': 'C:\Users\Bruno\OneDrive\Área de Trabalho\WBio\actions-runner\.runner'
[2025-03-27 20:26:21Z INFO ConfigurationStore] ConfigFilePath: C:\Users\Bruno\OneDrive\Área de Trabalho\WBio\actions-runner\.runner
[2025-03-27 20:26:21Z INFO HostContext] Well known directory 'Bin': 'C:\Users\Bruno\OneDrive\Área de Trabalho\WBio\actions-runner\bin'
[2025-03-27 20:26:21Z INFO HostContext] Well known directory 'Root': 'C:\Users\Bruno\OneDrive\Área de Trabalho\WBio\actions-runner'
[2025-03-27 20:26:21Z INFO HostContext] Well known config file 'MigratedRunner': 'C:\Users\Bruno\OneDrive\Área de Trabalho\WBio\actions-runner\.runner_migrated'
[2025-03-27 20:26:21Z INFO ConfigurationStore] MigratedConfigFilePath: C:\Users\Bruno\OneDrive\Área de Trabalho\WBio\actions-runner\.runner_migrated
[2025-03-27 20:26:21Z INFO HostContext] Well known directory 'Bin': 'C:\Users\Bruno\OneDrive\Área de Trabalho\WBio\actions-runner\bin'
[2025-03-27 20:26:21Z INFO HostContext] Well known directory 'Root': 'C:\Users\Bruno\OneDrive\Área de Trabalho\WBio\actions-runner'
[2025-03-27 20:26:21Z INFO HostContext] Well known config file 'Credentials': 'C:\Users\Bruno\OneDrive\Área de Trabalho\WBio\actions-runner\.credentials'
[2025-03-27 20:26:21Z INFO ConfigurationStore] CredFilePath: C:\Users\Bruno\OneDrive\Área de Trabalho\WBio\actions-runner\.credentials
[2025-03-27 20:26:21Z INFO HostContext] Well known directory 'Bin': 'C:\Users\Bruno\OneDrive\Área de Trabalho\WBio\actions-runner\bin'
[2025-03-27 20:26:21Z INFO HostContext] Well known directory 'Root': 'C:\Users\Bruno\OneDrive\Área de Trabalho\WBio\actions-runner'
[2025-03-27 20:26:21Z INFO HostContext] Well known config file 'MigratedCredentials': 'C:\Users\Bruno\OneDrive\Área de Trabalho\WBio\actions-runner\.credentials_migrated'
[2025-03-27 20:26:21Z INFO ConfigurationStore] MigratedCredFilePath: C:\Users\Bruno\OneDrive\Área de Trabalho\WBio\actions-runner\.credentials_migrated
[2025-03-27 20:26:21Z INFO HostContext] Well known directory 'Bin': 'C:\Users\Bruno\OneDrive\Área de Trabalho\WBio\actions-runner\bin'
[2025-03-27 20:26:21Z INFO HostContext] Well known directory 'Root': 'C:\Users\Bruno\OneDrive\Área de Trabalho\WBio\actions-runner'
[2025-03-27 20:26:21Z INFO HostContext] Well known config file 'Service': 'C:\Users\Bruno\OneDrive\Área de Trabalho\WBio\actions-runner\.service'
[2025-03-27 20:26:21Z INFO ConfigurationStore] ServiceConfigFilePath: C:\Users\Bruno\OneDrive\Área de Trabalho\WBio\actions-runner\.service
[2025-03-27 20:26:21Z INFO CommandSettings] Flag 'help': 'False'
[2025-03-27 20:26:21Z INFO CommandSettings] Flag 'version': 'False'
[2025-03-27 20:26:21Z INFO CommandSettings] Flag 'commit': 'False'
[2025-03-27 20:26:21Z INFO CommandSettings] Flag 'check': 'False'
[2025-03-27 20:26:21Z INFO CommandSettings] Command 'configure': 'False'
[2025-03-27 20:26:21Z INFO CommandSettings] Command 'remove': 'False'
[2025-03-27 20:26:21Z INFO CommandSettings] Command 'warmup': 'False'
[2025-03-27 20:26:21Z INFO ConfigurationManager] LoadSettings
[2025-03-27 20:26:21Z INFO ConfigurationStore] IsConfigured()
[2025-03-27 20:26:21Z INFO ConfigurationStore] IsConfigured: True
[2025-03-27 20:26:21Z INFO ConfigurationManager] Is configured: True
[2025-03-27 20:26:21Z INFO ConfigurationStore] Read setting file: 292 chars
[2025-03-27 20:26:21Z INFO ConfigurationManager] Settings Loaded
[2025-03-27 20:26:21Z INFO ConfigurationStore] IsServiceConfigured()
[2025-03-27 20:26:21Z INFO ConfigurationStore] IsServiceConfigured: False
[2025-03-27 20:26:21Z INFO CommandSettings] Command 'run': 'True'
[2025-03-27 20:26:21Z INFO ConfigurationStore] IsConfigured()
[2025-03-27 20:26:21Z INFO ConfigurationStore] IsConfigured: True
[2025-03-27 20:26:21Z INFO ConfigurationManager] Is configured: True
[2025-03-27 20:26:21Z INFO Runner] Could not parse the argument value '' for StartupType. Defaulting to Manual
[2025-03-27 20:26:21Z INFO Runner] Set runner startup type - Manual
[2025-03-27 20:26:21Z INFO CommandSettings] Flag 'once': 'False'
[2025-03-27 20:26:21Z INFO CommandSettings] Flag 'once': 'False'
[2025-03-27 20:26:21Z INFO Runner] RunAsync
[2025-03-27 20:26:21Z INFO ConfigurationManager] LoadSettings
[2025-03-27 20:26:21Z INFO ConfigurationStore] IsConfigured()
[2025-03-27 20:26:21Z INFO ConfigurationStore] IsConfigured: True
[2025-03-27 20:26:21Z INFO ConfigurationManager] Is configured: True
[2025-03-27 20:26:21Z INFO ConfigurationManager] Settings Loaded
[2025-03-27 20:26:21Z INFO MessageListener] {
  "AgentId": 2,
  "AgentName": "SYHUNT",
  "PoolId": 1,
  "PoolName": "Default",
  "ServerUrl": "https://pipelinesghubeus26.actions.githubusercontent.com/V4WiDYvNxDZ5Eu26SZTDhlIpE4goOL8PmullF7tTCHnqevgtXO/",
  "GitHubUrl": "https://github.com/tavss1/WBio",
  "WorkFolder": "_work"
}
[2025-03-27 20:26:21Z INFO MessageListener] Loading Credentials
[2025-03-27 20:26:21Z INFO ConfigurationStore] HasCredentials()
[2025-03-27 20:26:21Z INFO ConfigurationStore] stored True
[2025-03-27 20:26:21Z INFO CredentialManager] GetCredentialProvider
[2025-03-27 20:26:21Z INFO CredentialManager] Creating type OAuth
[2025-03-27 20:26:21Z INFO CredentialManager] Creating credential type: OAuth
[2025-03-27 20:26:21Z INFO HostContext] Well known directory 'Bin': 'C:\Users\Bruno\OneDrive\Área de Trabalho\WBio\actions-runner\bin'
[2025-03-27 20:26:21Z INFO HostContext] Well known directory 'Root': 'C:\Users\Bruno\OneDrive\Área de Trabalho\WBio\actions-runner'
[2025-03-27 20:26:21Z INFO HostContext] Well known config file 'RSACredentials': 'C:\Users\Bruno\OneDrive\Área de Trabalho\WBio\actions-runner\.credentials_rsaparams'
[2025-03-27 20:26:21Z INFO RSAEncryptedFileKeyManager] Loading RSA key parameters from file C:\Users\Bruno\OneDrive\Área de Trabalho\WBio\actions-runner\.credentials_rsaparams
[2025-03-27 20:26:21Z INFO MessageListener] Attempt to create session.
[2025-03-27 20:26:21Z INFO MessageListener] Connecting to the Runner Server...
[2025-03-27 20:26:21Z INFO RunnerServer] EstablishVssConnection
[2025-03-27 20:26:21Z INFO RunnerServer] Establish connection with 100 seconds timeout.
[2025-03-27 20:26:21Z INFO GitHubActionsService] Starting operation Location.GetConnectionData
[2025-03-27 20:26:21Z INFO RunnerServer] EstablishVssConnection
[2025-03-27 20:26:21Z INFO RunnerServer] Establish connection with 60 seconds timeout.
[2025-03-27 20:26:21Z INFO GitHubActionsService] Starting operation Location.GetConnectionData
[2025-03-27 20:26:21Z INFO RunnerServer] EstablishVssConnection
[2025-03-27 20:26:21Z INFO RunnerServer] Establish connection with 60 seconds timeout.
[2025-03-27 20:26:21Z INFO GitHubActionsService] Starting operation Location.GetConnectionData
[2025-03-27 20:26:22Z INFO GitHubActionsService] Finished operation Location.GetConnectionData
[2025-03-27 20:26:22Z INFO GitHubActionsService] Finished operation Location.GetConnectionData
[2025-03-27 20:26:22Z INFO GitHubActionsService] Finished operation Location.GetConnectionData
[2025-03-27 20:26:22Z INFO MessageListener] VssConnection created
[2025-03-27 20:26:22Z INFO Terminal] WRITE LINE: 
[2025-03-27 20:26:22Z INFO Terminal] WRITE LINE: 
[2025-03-27 20:26:22Z INFO RSAEncryptedFileKeyManager] Loading RSA key parameters from file C:\Users\Bruno\OneDrive\Área de Trabalho\WBio\actions-runner\.credentials_rsaparams
[2025-03-27 20:26:22Z INFO RSAEncryptedFileKeyManager] Loading RSA key parameters from file C:\Users\Bruno\OneDrive\Área de Trabalho\WBio\actions-runner\.credentials_rsaparams
[2025-03-27 20:26:23Z INFO GitHubActionsService] AAD Correlation ID for this token request: Unknown
[2025-03-27 20:26:23Z INFO MessageListener] Session created.
[2025-03-27 20:26:23Z INFO Terminal] WRITE LINE: Current runner version: '2.323.0'
[2025-03-27 20:26:23Z INFO Terminal] WRITE LINE: 2025-03-27 20:26:23Z: Listening for Jobs
[2025-03-27 20:26:23Z INFO JobDispatcher] Set runner/worker IPC timeout to 30 seconds.
[2025-03-27 20:26:23Z INFO RSAEncryptedFileKeyManager] Loading RSA key parameters from file C:\Users\Bruno\OneDrive\Área de Trabalho\WBio\actions-runner\.credentials_rsaparams
[2025-03-27 20:26:24Z INFO GitHubActionsService] AAD Correlation ID for this token request: Unknown
[2025-03-27 20:26:41Z INFO MessageListener] Message '3783110699554830576' received from session 'c7afc224-735f-4c94-ac93-0c5b70c38a2b'.
[2025-03-27 20:26:41Z INFO ConfigurationStore] HasCredentials()
[2025-03-27 20:26:41Z INFO ConfigurationStore] stored True
[2025-03-27 20:26:41Z INFO CredentialManager] GetCredentialProvider
[2025-03-27 20:26:41Z INFO CredentialManager] Creating type OAuth
[2025-03-27 20:26:41Z INFO CredentialManager] Creating credential type: OAuth
[2025-03-27 20:26:41Z INFO RSAEncryptedFileKeyManager] Loading RSA key parameters from file C:\Users\Bruno\OneDrive\Área de Trabalho\WBio\actions-runner\.credentials_rsaparams
[2025-03-27 20:26:41Z INFO RSAEncryptedFileKeyManager] Loading RSA key parameters from file C:\Users\Bruno\OneDrive\Área de Trabalho\WBio\actions-runner\.credentials_rsaparams
[2025-03-27 20:26:41Z INFO RSAEncryptedFileKeyManager] Loading RSA key parameters from file C:\Users\Bruno\OneDrive\Área de Trabalho\WBio\actions-runner\.credentials_rsaparams
[2025-03-27 20:26:42Z INFO GitHubActionsService] AAD Correlation ID for this token request: Unknown
[2025-03-27 20:26:42Z INFO JobDispatcher] Job request 0 for plan 14f78ce0-1ce8-4095-bb9c-a212640b87e1 job 69ebaf79-5482-5b3b-98a9-266523ca9715 received.
[2025-03-27 20:26:42Z INFO MessageListener] Received job status event. JobState: Busy
[2025-03-27 20:26:42Z INFO MessageListener] _getMessagesTokenSource is already disposed.
[2025-03-27 20:26:42Z INFO Terminal] WRITE LINE: 2025-03-27 20:26:42Z: Running job: build
[2025-03-27 20:26:42Z INFO JobDispatcher] Start renew job request 0 for job 69ebaf79-5482-5b3b-98a9-266523ca9715.
[2025-03-27 20:26:43Z INFO JobDispatcher] Successfully renew job 69ebaf79-5482-5b3b-98a9-266523ca9715, job is valid till 27/03/2025 20:36:43
[2025-03-27 20:26:43Z INFO HostContext] Well known directory 'Bin': 'C:\Users\Bruno\OneDrive\Área de Trabalho\WBio\actions-runner\bin'
[2025-03-27 20:26:43Z INFO ProcessInvokerWrapper] Starting process:
[2025-03-27 20:26:43Z INFO ProcessInvokerWrapper]   File name: 'C:\Users\Bruno\OneDrive\Área de Trabalho\WBio\actions-runner\bin\Runner.Worker.exe'
[2025-03-27 20:26:43Z INFO ProcessInvokerWrapper]   Arguments: 'spawnclient 2236 2248'
[2025-03-27 20:26:43Z INFO ProcessInvokerWrapper]   Working directory: 'C:\Users\Bruno\OneDrive\Área de Trabalho\WBio\actions-runner\bin'
[2025-03-27 20:26:43Z INFO ProcessInvokerWrapper]   Require exit code zero: 'False'
[2025-03-27 20:26:43Z INFO ProcessInvokerWrapper]   Encoding web name:  ; code page: ''
[2025-03-27 20:26:43Z INFO ProcessInvokerWrapper]   Force kill process on cancellation: 'True'
[2025-03-27 20:26:43Z INFO ProcessInvokerWrapper]   Redirected STDIN: 'False'
[2025-03-27 20:26:43Z INFO ProcessInvokerWrapper]   Persist current code page: 'False'
[2025-03-27 20:26:43Z INFO ProcessInvokerWrapper]   Keep redirected STDIN open: 'False'
[2025-03-27 20:26:43Z INFO ProcessInvokerWrapper]   High priority process: 'True'
[2025-03-27 20:26:43Z INFO ProcessInvokerWrapper] Process started with process id 5388, waiting for process exit.
[2025-03-27 20:26:43Z INFO JobDispatcher] Send job request message to worker for job 69ebaf79-5482-5b3b-98a9-266523ca9715.
[2025-03-27 20:26:43Z INFO ProcessChannel] Sending message of length 18414, with hash '2741d5627185066f74684a572f6c258e4cfca3fa966aea120b9a696465ee8ed4'
[2025-03-27 20:26:43Z INFO JobNotification] Entering JobStarted Notification
[2025-03-27 20:26:43Z INFO JobNotification] Entering StartMonitor
[2025-03-27 20:26:58Z INFO ProcessInvokerWrapper] STDOUT/STDERR stream read finished.
[2025-03-27 20:26:58Z INFO ProcessInvokerWrapper] STDOUT/STDERR stream read finished.
[2025-03-27 20:26:58Z INFO ProcessInvokerWrapper] Finished process 5388 with exit code 102, and elapsed time 00:00:14.7360260.
[2025-03-27 20:26:58Z INFO JobDispatcher] Worker finished for job 69ebaf79-5482-5b3b-98a9-266523ca9715. Code: 102
[2025-03-27 20:26:58Z INFO JobDispatcher] finish job request for job 69ebaf79-5482-5b3b-98a9-266523ca9715 with result: Failed
[2025-03-27 20:26:58Z INFO Terminal] WRITE LINE: 2025-03-27 20:26:58Z: Job build completed with result: Failed
[2025-03-27 20:26:58Z INFO JobDispatcher] Stop renew job request for job 69ebaf79-5482-5b3b-98a9-266523ca9715.
[2025-03-27 20:26:58Z INFO JobDispatcher] job renew has been cancelled, stop renew job 69ebaf79-5482-5b3b-98a9-266523ca9715.
[2025-03-27 20:26:58Z INFO JobNotification] Entering JobCompleted Notification
[2025-03-27 20:26:58Z INFO JobNotification] Entering EndMonitor
[2025-03-27 20:26:58Z INFO MessageListener] Received job status event. JobState: Online
[2025-03-27 20:26:58Z INFO MessageListener] Message '2428059170311728488' received from session 'c7afc224-735f-4c94-ac93-0c5b70c38a2b'.
[2025-03-27 20:26:58Z INFO ConfigurationStore] HasCredentials()
[2025-03-27 20:26:58Z INFO ConfigurationStore] stored True
[2025-03-27 20:26:58Z INFO CredentialManager] GetCredentialProvider
[2025-03-27 20:26:58Z INFO CredentialManager] Creating type OAuth
[2025-03-27 20:26:58Z INFO CredentialManager] Creating credential type: OAuth
[2025-03-27 20:26:58Z INFO RSAEncryptedFileKeyManager] Loading RSA key parameters from file C:\Users\Bruno\OneDrive\Área de Trabalho\WBio\actions-runner\.credentials_rsaparams
[2025-03-27 20:26:58Z INFO RSAEncryptedFileKeyManager] Loading RSA key parameters from file C:\Users\Bruno\OneDrive\Área de Trabalho\WBio\actions-runner\.credentials_rsaparams
[2025-03-27 20:26:58Z INFO RSAEncryptedFileKeyManager] Loading RSA key parameters from file C:\Users\Bruno\OneDrive\Área de Trabalho\WBio\actions-runner\.credentials_rsaparams
[2025-03-27 20:26:58Z INFO GitHubActionsService] AAD Correlation ID for this token request: Unknown
[2025-03-27 20:26:59Z INFO JobDispatcher] Job request 0 for plan eda89d4b-b00c-4c8e-b3b5-91981469ab1d job 1bc59a38-6942-5d25-9829-017724de6252 received.
[2025-03-27 20:26:59Z INFO MessageListener] Received job status event. JobState: Busy
[2025-03-27 20:26:59Z INFO MessageListener] _getMessagesTokenSource is already disposed.
[2025-03-27 20:26:59Z INFO JobDispatcher] Job request 69ebaf79-5482-5b3b-98a9-266523ca9715 processed succeed.
[2025-03-27 20:26:59Z INFO Terminal] WRITE LINE: 2025-03-27 20:26:59Z: Running job: build
[2025-03-27 20:26:59Z INFO JobDispatcher] Start renew job request 0 for job 1bc59a38-6942-5d25-9829-017724de6252.
[2025-03-27 20:26:59Z INFO JobDispatcher] Successfully renew job 1bc59a38-6942-5d25-9829-017724de6252, job is valid till 27/03/2025 20:37:00
[2025-03-27 20:26:59Z INFO HostContext] Well known directory 'Bin': 'C:\Users\Bruno\OneDrive\Área de Trabalho\WBio\actions-runner\bin'
[2025-03-27 20:26:59Z INFO ProcessInvokerWrapper] Starting process:
[2025-03-27 20:26:59Z INFO ProcessInvokerWrapper]   File name: 'C:\Users\Bruno\OneDrive\Área de Trabalho\WBio\actions-runner\bin\Runner.Worker.exe'
[2025-03-27 20:26:59Z INFO ProcessInvokerWrapper]   Arguments: 'spawnclient 2328 2340'
[2025-03-27 20:26:59Z INFO ProcessInvokerWrapper]   Working directory: 'C:\Users\Bruno\OneDrive\Área de Trabalho\WBio\actions-runner\bin'
[2025-03-27 20:26:59Z INFO ProcessInvokerWrapper]   Require exit code zero: 'False'
[2025-03-27 20:26:59Z INFO ProcessInvokerWrapper]   Encoding web name:  ; code page: ''
[2025-03-27 20:26:59Z INFO ProcessInvokerWrapper]   Force kill process on cancellation: 'True'
[2025-03-27 20:26:59Z INFO ProcessInvokerWrapper]   Redirected STDIN: 'False'
[2025-03-27 20:26:59Z INFO ProcessInvokerWrapper]   Persist current code page: 'False'
[2025-03-27 20:26:59Z INFO ProcessInvokerWrapper]   Keep redirected STDIN open: 'False'
[2025-03-27 20:26:59Z INFO ProcessInvokerWrapper]   High priority process: 'True'
[2025-03-27 20:26:59Z INFO ProcessInvokerWrapper] Process started with process id 21280, waiting for process exit.
[2025-03-27 20:26:59Z INFO JobDispatcher] Send job request message to worker for job 1bc59a38-6942-5d25-9829-017724de6252.
[2025-03-27 20:26:59Z INFO ProcessChannel] Sending message of length 18360, with hash 'cb91b1216793af9be2b9782878a0160ac26b9f01b7d7367e25199d17d14c10d6'
[2025-03-27 20:27:00Z INFO JobNotification] Entering JobStarted Notification
[2025-03-27 20:27:00Z INFO JobNotification] Entering StartMonitor
[2025-03-27 20:27:13Z INFO ProcessInvokerWrapper] STDOUT/STDERR stream read finished.
[2025-03-27 20:27:13Z INFO ProcessInvokerWrapper] STDOUT/STDERR stream read finished.
[2025-03-27 20:27:13Z INFO ProcessInvokerWrapper] Finished process 21280 with exit code 100, and elapsed time 00:00:14.0266675.
[2025-03-27 20:27:13Z INFO JobDispatcher] Worker finished for job 1bc59a38-6942-5d25-9829-017724de6252. Code: 100
[2025-03-27 20:27:13Z INFO JobDispatcher] finish job request for job 1bc59a38-6942-5d25-9829-017724de6252 with result: Succeeded
[2025-03-27 20:27:13Z INFO Terminal] WRITE LINE: 2025-03-27 20:27:13Z: Job build completed with result: Succeeded
[2025-03-27 20:27:13Z INFO JobDispatcher] Stop renew job request for job 1bc59a38-6942-5d25-9829-017724de6252.
[2025-03-27 20:27:13Z INFO JobDispatcher] job renew has been cancelled, stop renew job 1bc59a38-6942-5d25-9829-017724de6252.
[2025-03-27 20:27:13Z INFO JobNotification] Entering JobCompleted Notification
[2025-03-27 20:27:13Z INFO JobNotification] Entering EndMonitor
[2025-03-27 20:27:13Z INFO MessageListener] Received job status event. JobState: Online
[2025-03-27 20:27:51Z INFO HostContext] Runner will be shutdown for UserCancelled
[2025-03-27 20:27:51Z WARN GitHubActionsService] GET request to https://broker.actions.githubusercontent.com/message?sessionId=c7afc224-735f-4c94-ac93-0c5b70c38a2b&status=Online&runnerVersion=2.323.0&os=Windows&architecture=X64&disableUpdate=false has been cancelled.
[2025-03-27 20:27:51Z ERR  BrokerServer] Catch exception during request
[2025-03-27 20:27:51Z ERR  BrokerServer] System.Threading.Tasks.TaskCanceledException: The operation was canceled.
 ---> System.Threading.Tasks.TaskCanceledException: The operation was canceled.
 ---> System.IO.IOException: Unable to read data from the transport connection: A operação de E/S foi anulada devido a uma saída de thread ou a uma requisição de aplicativo..
 ---> System.Net.Sockets.SocketException (995): A operação de E/S foi anulada devido a uma saída de thread ou a uma requisição de aplicativo.
   --- End of inner exception stack trace ---
   at System.Net.Sockets.Socket.AwaitableSocketAsyncEventArgs.ThrowException(SocketError error, CancellationToken cancellationToken)
   at System.Net.Sockets.Socket.AwaitableSocketAsyncEventArgs.System.Threading.Tasks.Sources.IValueTaskSource<System.Int32>.GetResult(Int16 token)
   at System.Net.Security.SslStream.EnsureFullTlsFrameAsync[TIOAdapter](CancellationToken cancellationToken, Int32 estimatedSize)
   at System.Runtime.CompilerServices.PoolingAsyncValueTaskMethodBuilder`1.StateMachineBox`1.System.Threading.Tasks.Sources.IValueTaskSource<TResult>.GetResult(Int16 token)
   at System.Net.Security.SslStream.ReadAsyncInternal[TIOAdapter](Memory`1 buffer, CancellationToken cancellationToken)
   at System.Runtime.CompilerServices.PoolingAsyncValueTaskMethodBuilder`1.StateMachineBox`1.System.Threading.Tasks.Sources.IValueTaskSource<TResult>.GetResult(Int16 token)
   at System.Net.Http.HttpConnection.SendAsync(HttpRequestMessage request, Boolean async, CancellationToken cancellationToken)
   --- End of inner exception stack trace ---
   at System.Net.Http.HttpConnection.SendAsync(HttpRequestMessage request, Boolean async, CancellationToken cancellationToken)
   at System.Net.Http.AuthenticationHelper.SendWithNtAuthAsync(HttpRequestMessage request, Uri authUri, Boolean async, ICredentials credentials, Boolean isProxyAuth, HttpConnection connection, HttpConnectionPool connectionPool, CancellationToken cancellationToken)
   at System.Net.Http.HttpConnectionPool.SendWithVersionDetectionAndRetryAsync(HttpRequestMessage request, Boolean async, Boolean doRequestAuth, CancellationToken cancellationToken)
   at System.Net.Http.AuthenticationHelper.SendWithAuthAsync(HttpRequestMessage request, Uri authUri, Boolean async, ICredentials credentials, Boolean preAuthenticate, Boolean isProxyAuth, Boolean doRequestAuth, HttpConnectionPool pool, CancellationToken cancellationToken)
   at System.Net.Http.RedirectHandler.SendAsync(HttpRequestMessage request, Boolean async, CancellationToken cancellationToken)
   at GitHub.Services.Common.RawHttpMessageHandler.SendAsync(HttpRequestMessage request, CancellationToken cancellationToken)
   at GitHub.Services.Common.VssHttpRetryMessageHandler.SendAsync(HttpRequestMessage request, CancellationToken cancellationToken)
   at System.Net.Http.HttpClient.<SendAsync>g__Core|83_0(HttpRequestMessage request, HttpCompletionOption completionOption, CancellationTokenSource cts, Boolean disposeCts, CancellationTokenSource pendingRequestsCts, CancellationToken originalCancellationToken)
   --- End of inner exception stack trace ---
   at System.Net.Http.HttpClient.HandleFailure(Exception e, Boolean telemetryStarted, HttpResponseMessage response, CancellationTokenSource cts, CancellationToken cancellationToken, CancellationTokenSource pendingRequestsCts)
   at System.Net.Http.HttpClient.<SendAsync>g__Core|83_0(HttpRequestMessage request, HttpCompletionOption completionOption, CancellationTokenSource cts, Boolean disposeCts, CancellationTokenSource pendingRequestsCts, CancellationToken originalCancellationToken)
   at Sdk.WebApi.WebApi.RawHttpClientBase.SendAsync(HttpRequestMessage message, HttpCompletionOption completionOption, Object userState, CancellationToken cancellationToken)
   at Sdk.WebApi.WebApi.RawHttpClientBase.SendAsync[T](HttpRequestMessage message, Boolean readErrorBody, Object userState, CancellationToken cancellationToken)
   at Sdk.WebApi.WebApi.RawHttpClientBase.SendAsync[T](HttpMethod method, IEnumerable`1 additionalHeaders, Uri requestUri, HttpContent content, IEnumerable`1 queryParameters, Boolean readErrorBody, Object userState, CancellationToken cancellationToken)
   at GitHub.Actions.RunService.WebApi.BrokerHttpClient.GetRunnerMessageAsync(Nullable`1 sessionId, String runnerVersion, Nullable`1 status, String os, String architecture, Nullable`1 disableUpdate, CancellationToken cancellationToken)
   at GitHub.Runner.Common.BrokerServer.<>c__DisplayClass7_0.<<GetRunnerMessageAsync>b__0>d.MoveNext()
--- End of stack trace from previous location ---
   at GitHub.Runner.Common.RunnerService.RetryRequest[T](Func`1 func, CancellationToken cancellationToken, Int32 maxRetryAttemptsCount, Func`2 shouldRetry)
[2025-03-27 20:27:51Z ERR  BrokerServer] #####################################################
[2025-03-27 20:27:51Z ERR  BrokerServer] System.Threading.Tasks.TaskCanceledException: The operation was canceled.
 ---> System.IO.IOException: Unable to read data from the transport connection: A operação de E/S foi anulada devido a uma saída de thread ou a uma requisição de aplicativo..
 ---> System.Net.Sockets.SocketException (995): A operação de E/S foi anulada devido a uma saída de thread ou a uma requisição de aplicativo.
   --- End of inner exception stack trace ---
   at System.Net.Sockets.Socket.AwaitableSocketAsyncEventArgs.ThrowException(SocketError error, CancellationToken cancellationToken)
   at System.Net.Sockets.Socket.AwaitableSocketAsyncEventArgs.System.Threading.Tasks.Sources.IValueTaskSource<System.Int32>.GetResult(Int16 token)
   at System.Net.Security.SslStream.EnsureFullTlsFrameAsync[TIOAdapter](CancellationToken cancellationToken, Int32 estimatedSize)
   at System.Runtime.CompilerServices.PoolingAsyncValueTaskMethodBuilder`1.StateMachineBox`1.System.Threading.Tasks.Sources.IValueTaskSource<TResult>.GetResult(Int16 token)
   at System.Net.Security.SslStream.ReadAsyncInternal[TIOAdapter](Memory`1 buffer, CancellationToken cancellationToken)
   at System.Runtime.CompilerServices.PoolingAsyncValueTaskMethodBuilder`1.StateMachineBox`1.System.Threading.Tasks.Sources.IValueTaskSource<TResult>.GetResult(Int16 token)
   at System.Net.Http.HttpConnection.SendAsync(HttpRequestMessage request, Boolean async, CancellationToken cancellationToken)
   --- End of inner exception stack trace ---
   at System.Net.Http.HttpConnection.SendAsync(HttpRequestMessage request, Boolean async, CancellationToken cancellationToken)
   at System.Net.Http.AuthenticationHelper.SendWithNtAuthAsync(HttpRequestMessage request, Uri authUri, Boolean async, ICredentials credentials, Boolean isProxyAuth, HttpConnection connection, HttpConnectionPool connectionPool, CancellationToken cancellationToken)
   at System.Net.Http.HttpConnectionPool.SendWithVersionDetectionAndRetryAsync(HttpRequestMessage request, Boolean async, Boolean doRequestAuth, CancellationToken cancellationToken)
   at System.Net.Http.AuthenticationHelper.SendWithAuthAsync(HttpRequestMessage request, Uri authUri, Boolean async, ICredentials credentials, Boolean preAuthenticate, Boolean isProxyAuth, Boolean doRequestAuth, HttpConnectionPool pool, CancellationToken cancellationToken)
   at System.Net.Http.RedirectHandler.SendAsync(HttpRequestMessage request, Boolean async, CancellationToken cancellationToken)
   at GitHub.Services.Common.RawHttpMessageHandler.SendAsync(HttpRequestMessage request, CancellationToken cancellationToken)
   at GitHub.Services.Common.VssHttpRetryMessageHandler.SendAsync(HttpRequestMessage request, CancellationToken cancellationToken)
   at System.Net.Http.HttpClient.<SendAsync>g__Core|83_0(HttpRequestMessage request, HttpCompletionOption completionOption, CancellationTokenSource cts, Boolean disposeCts, CancellationTokenSource pendingRequestsCts, CancellationToken originalCancellationToken)
[2025-03-27 20:27:51Z ERR  BrokerServer] #####################################################
[2025-03-27 20:27:51Z ERR  BrokerServer] System.IO.IOException: Unable to read data from the transport connection: A operação de E/S foi anulada devido a uma saída de thread ou a uma requisição de aplicativo..
 ---> System.Net.Sockets.SocketException (995): A operação de E/S foi anulada devido a uma saída de thread ou a uma requisição de aplicativo.
   --- End of inner exception stack trace ---
   at System.Net.Sockets.Socket.AwaitableSocketAsyncEventArgs.ThrowException(SocketError error, CancellationToken cancellationToken)
   at System.Net.Sockets.Socket.AwaitableSocketAsyncEventArgs.System.Threading.Tasks.Sources.IValueTaskSource<System.Int32>.GetResult(Int16 token)
   at System.Net.Security.SslStream.EnsureFullTlsFrameAsync[TIOAdapter](CancellationToken cancellationToken, Int32 estimatedSize)
   at System.Runtime.CompilerServices.PoolingAsyncValueTaskMethodBuilder`1.StateMachineBox`1.System.Threading.Tasks.Sources.IValueTaskSource<TResult>.GetResult(Int16 token)
   at System.Net.Security.SslStream.ReadAsyncInternal[TIOAdapter](Memory`1 buffer, CancellationToken cancellationToken)
   at System.Runtime.CompilerServices.PoolingAsyncValueTaskMethodBuilder`1.StateMachineBox`1.System.Threading.Tasks.Sources.IValueTaskSource<TResult>.GetResult(Int16 token)
   at System.Net.Http.HttpConnection.SendAsync(HttpRequestMessage request, Boolean async, CancellationToken cancellationToken)
[2025-03-27 20:27:51Z ERR  BrokerServer] #####################################################
[2025-03-27 20:27:51Z ERR  BrokerServer] System.Net.Sockets.SocketException (995): A operação de E/S foi anulada devido a uma saída de thread ou a uma requisição de aplicativo.
[2025-03-27 20:27:51Z WARN BrokerServer] Back off 12,878 seconds before next retry. 4 attempt left.
[2025-03-27 20:27:51Z INFO MessageListener] Get next message has been cancelled.
[2025-03-27 20:27:51Z INFO JobDispatcher] Shutting down JobDispatcher. Make sure all WorkerDispatcher has finished.
[2025-03-27 20:27:51Z INFO JobDispatcher] Ensure WorkerDispatcher for job 1bc59a38-6942-5d25-9829-017724de6252 run to finish, cancel any running job.
[2025-03-27 20:27:51Z INFO JobDispatcher] Job request 1bc59a38-6942-5d25-9829-017724de6252 processed succeed.
[2025-03-27 20:27:51Z INFO Runner] Deleting Runner Session...
[2025-03-27 20:27:51Z INFO Listener] Runner execution been cancelled.
