[2025-03-27 20:22:50Z INFO HostContext] No proxy settings were found based on environmental variables (http_proxy/https_proxy/HTTP_PROXY/HTTPS_PROXY)
[2025-03-27 20:22:50Z INFO HostContext] Well known directory 'Bin': 'C:\Users\Bruno\OneDrive\Área de Trabalho\WBio\actions-runner\bin'
[2025-03-27 20:22:50Z INFO HostContext] Well known directory 'Root': 'C:\Users\Bruno\OneDrive\Área de Trabalho\WBio\actions-runner'
[2025-03-27 20:22:50Z INFO HostContext] Well known config file 'Credentials': 'C:\Users\Bruno\OneDrive\Área de Trabalho\WBio\actions-runner\.credentials'
[2025-03-27 20:22:50Z INFO HostContext] Well known directory 'Bin': 'C:\Users\Bruno\OneDrive\Área de Trabalho\WBio\actions-runner\bin'
[2025-03-27 20:22:50Z INFO HostContext] Well known directory 'Root': 'C:\Users\Bruno\OneDrive\Área de Trabalho\WBio\actions-runner'
[2025-03-27 20:22:50Z INFO HostContext] Well known config file 'Runner': 'C:\Users\Bruno\OneDrive\Área de Trabalho\WBio\actions-runner\.runner'
[2025-03-27 20:22:50Z INFO Listener] Runner is built for Windows (X64) - win-x64.
[2025-03-27 20:22:50Z INFO Listener] RuntimeInformation: Microsoft Windows 10.0.22631.
[2025-03-27 20:22:50Z INFO Listener] Version: 2.323.0
[2025-03-27 20:22:50Z INFO Listener] Commit: d8b82f44a9ec0258904d5869ae683c31d5aac299
[2025-03-27 20:22:50Z INFO Listener] Culture: pt-BR
[2025-03-27 20:22:50Z INFO Listener] UI Culture: pt-BR
[2025-03-27 20:22:50Z INFO HostContext] Well known directory 'Bin': 'C:\Users\Bruno\OneDrive\Área de Trabalho\WBio\actions-runner\bin'
[2025-03-27 20:22:50Z INFO HostContext] Well known directory 'Root': 'C:\Users\Bruno\OneDrive\Área de Trabalho\WBio\actions-runner'
[2025-03-27 20:22:50Z INFO Listener] Validating directory permissions for: 'C:\Users\Bruno\OneDrive\Área de Trabalho\WBio\actions-runner'
[2025-03-27 20:22:50Z INFO CommandLineParser] Parse
[2025-03-27 20:22:50Z INFO CommandLineParser] Parsing 1 args
[2025-03-27 20:22:50Z INFO CommandLineParser] parsing argument
[2025-03-27 20:22:50Z INFO CommandLineParser] HasArgs: False
[2025-03-27 20:22:50Z INFO CommandLineParser] Adding Command: run
[2025-03-27 20:22:50Z INFO Listener] Arguments parsed
[2025-03-27 20:22:50Z INFO Runner] ExecuteCommand
[2025-03-27 20:22:50Z INFO ConfigurationStore] currentAssemblyLocation: C:\Users\Bruno\OneDrive\Área de Trabalho\WBio\actions-runner\bin\Runner.Listener.dll
[2025-03-27 20:22:50Z INFO HostContext] Well known directory 'Bin': 'C:\Users\Bruno\OneDrive\Área de Trabalho\WBio\actions-runner\bin'
[2025-03-27 20:22:50Z INFO ConfigurationStore] binPath: C:\Users\Bruno\OneDrive\Área de Trabalho\WBio\actions-runner\bin
[2025-03-27 20:22:50Z INFO HostContext] Well known directory 'Bin': 'C:\Users\Bruno\OneDrive\Área de Trabalho\WBio\actions-runner\bin'
[2025-03-27 20:22:50Z INFO HostContext] Well known directory 'Root': 'C:\Users\Bruno\OneDrive\Área de Trabalho\WBio\actions-runner'
[2025-03-27 20:22:50Z INFO ConfigurationStore] RootFolder: C:\Users\Bruno\OneDrive\Área de Trabalho\WBio\actions-runner
[2025-03-27 20:22:50Z INFO HostContext] Well known directory 'Bin': 'C:\Users\Bruno\OneDrive\Área de Trabalho\WBio\actions-runner\bin'
[2025-03-27 20:22:50Z INFO HostContext] Well known directory 'Root': 'C:\Users\Bruno\OneDrive\Área de Trabalho\WBio\actions-runner'
[2025-03-27 20:22:50Z INFO HostContext] Well known config file 'Runner': 'C:\Users\Bruno\OneDrive\Área de Trabalho\WBio\actions-runner\.runner'
[2025-03-27 20:22:50Z INFO ConfigurationStore] ConfigFilePath: C:\Users\Bruno\OneDrive\Área de Trabalho\WBio\actions-runner\.runner
[2025-03-27 20:22:50Z INFO HostContext] Well known directory 'Bin': 'C:\Users\Bruno\OneDrive\Área de Trabalho\WBio\actions-runner\bin'
[2025-03-27 20:22:50Z INFO HostContext] Well known directory 'Root': 'C:\Users\Bruno\OneDrive\Área de Trabalho\WBio\actions-runner'
[2025-03-27 20:22:50Z INFO HostContext] Well known config file 'MigratedRunner': 'C:\Users\Bruno\OneDrive\Área de Trabalho\WBio\actions-runner\.runner_migrated'
[2025-03-27 20:22:50Z INFO ConfigurationStore] MigratedConfigFilePath: C:\Users\Bruno\OneDrive\Área de Trabalho\WBio\actions-runner\.runner_migrated
[2025-03-27 20:22:50Z INFO HostContext] Well known directory 'Bin': 'C:\Users\Bruno\OneDrive\Área de Trabalho\WBio\actions-runner\bin'
[2025-03-27 20:22:50Z INFO HostContext] Well known directory 'Root': 'C:\Users\Bruno\OneDrive\Área de Trabalho\WBio\actions-runner'
[2025-03-27 20:22:50Z INFO HostContext] Well known config file 'Credentials': 'C:\Users\Bruno\OneDrive\Área de Trabalho\WBio\actions-runner\.credentials'
[2025-03-27 20:22:50Z INFO ConfigurationStore] CredFilePath: C:\Users\Bruno\OneDrive\Área de Trabalho\WBio\actions-runner\.credentials
[2025-03-27 20:22:50Z INFO HostContext] Well known directory 'Bin': 'C:\Users\Bruno\OneDrive\Área de Trabalho\WBio\actions-runner\bin'
[2025-03-27 20:22:50Z INFO HostContext] Well known directory 'Root': 'C:\Users\Bruno\OneDrive\Área de Trabalho\WBio\actions-runner'
[2025-03-27 20:22:50Z INFO HostContext] Well known config file 'MigratedCredentials': 'C:\Users\Bruno\OneDrive\Área de Trabalho\WBio\actions-runner\.credentials_migrated'
[2025-03-27 20:22:50Z INFO ConfigurationStore] MigratedCredFilePath: C:\Users\Bruno\OneDrive\Área de Trabalho\WBio\actions-runner\.credentials_migrated
[2025-03-27 20:22:50Z INFO HostContext] Well known directory 'Bin': 'C:\Users\Bruno\OneDrive\Área de Trabalho\WBio\actions-runner\bin'
[2025-03-27 20:22:50Z INFO HostContext] Well known directory 'Root': 'C:\Users\Bruno\OneDrive\Área de Trabalho\WBio\actions-runner'
[2025-03-27 20:22:50Z INFO HostContext] Well known config file 'Service': 'C:\Users\Bruno\OneDrive\Área de Trabalho\WBio\actions-runner\.service'
[2025-03-27 20:22:50Z INFO ConfigurationStore] ServiceConfigFilePath: C:\Users\Bruno\OneDrive\Área de Trabalho\WBio\actions-runner\.service
[2025-03-27 20:22:50Z INFO CommandSettings] Flag 'help': 'False'
[2025-03-27 20:22:50Z INFO CommandSettings] Flag 'version': 'False'
[2025-03-27 20:22:50Z INFO CommandSettings] Flag 'commit': 'False'
[2025-03-27 20:22:50Z INFO CommandSettings] Flag 'check': 'False'
[2025-03-27 20:22:50Z INFO CommandSettings] Command 'configure': 'False'
[2025-03-27 20:22:50Z INFO CommandSettings] Command 'remove': 'False'
[2025-03-27 20:22:50Z INFO CommandSettings] Command 'warmup': 'False'
[2025-03-27 20:22:50Z INFO ConfigurationManager] LoadSettings
[2025-03-27 20:22:50Z INFO ConfigurationStore] IsConfigured()
[2025-03-27 20:22:50Z INFO ConfigurationStore] IsConfigured: True
[2025-03-27 20:22:50Z INFO ConfigurationManager] Is configured: True
[2025-03-27 20:22:50Z INFO ConfigurationStore] Read setting file: 292 chars
[2025-03-27 20:22:50Z INFO ConfigurationManager] Settings Loaded
[2025-03-27 20:22:50Z INFO ConfigurationStore] IsServiceConfigured()
[2025-03-27 20:22:50Z INFO ConfigurationStore] IsServiceConfigured: False
[2025-03-27 20:22:50Z INFO CommandSettings] Command 'run': 'True'
[2025-03-27 20:22:50Z INFO ConfigurationStore] IsConfigured()
[2025-03-27 20:22:50Z INFO ConfigurationStore] IsConfigured: True
[2025-03-27 20:22:50Z INFO ConfigurationManager] Is configured: True
[2025-03-27 20:22:50Z INFO Runner] Could not parse the argument value '' for StartupType. Defaulting to Manual
[2025-03-27 20:22:50Z INFO Runner] Set runner startup type - Manual
[2025-03-27 20:22:50Z INFO CommandSettings] Flag 'once': 'False'
[2025-03-27 20:22:50Z INFO CommandSettings] Flag 'once': 'False'
[2025-03-27 20:22:50Z INFO Runner] RunAsync
[2025-03-27 20:22:50Z INFO ConfigurationManager] LoadSettings
[2025-03-27 20:22:50Z INFO ConfigurationStore] IsConfigured()
[2025-03-27 20:22:50Z INFO ConfigurationStore] IsConfigured: True
[2025-03-27 20:22:50Z INFO ConfigurationManager] Is configured: True
[2025-03-27 20:22:50Z INFO ConfigurationManager] Settings Loaded
[2025-03-27 20:22:50Z INFO MessageListener] {
  "AgentId": 2,
  "AgentName": "SYHUNT",
  "PoolId": 1,
  "PoolName": "Default",
  "ServerUrl": "https://pipelinesghubeus26.actions.githubusercontent.com/V4WiDYvNxDZ5Eu26SZTDhlIpE4goOL8PmullF7tTCHnqevgtXO/",
  "GitHubUrl": "https://github.com/tavss1/WBio",
  "WorkFolder": "_work"
}
[2025-03-27 20:22:50Z INFO MessageListener] Loading Credentials
[2025-03-27 20:22:50Z INFO ConfigurationStore] HasCredentials()
[2025-03-27 20:22:50Z INFO ConfigurationStore] stored True
[2025-03-27 20:22:50Z INFO CredentialManager] GetCredentialProvider
[2025-03-27 20:22:50Z INFO CredentialManager] Creating type OAuth
[2025-03-27 20:22:50Z INFO CredentialManager] Creating credential type: OAuth
[2025-03-27 20:22:50Z INFO HostContext] Well known directory 'Bin': 'C:\Users\Bruno\OneDrive\Área de Trabalho\WBio\actions-runner\bin'
[2025-03-27 20:22:50Z INFO HostContext] Well known directory 'Root': 'C:\Users\Bruno\OneDrive\Área de Trabalho\WBio\actions-runner'
[2025-03-27 20:22:50Z INFO HostContext] Well known config file 'RSACredentials': 'C:\Users\Bruno\OneDrive\Área de Trabalho\WBio\actions-runner\.credentials_rsaparams'
[2025-03-27 20:22:50Z INFO RSAEncryptedFileKeyManager] Loading RSA key parameters from file C:\Users\Bruno\OneDrive\Área de Trabalho\WBio\actions-runner\.credentials_rsaparams
[2025-03-27 20:22:50Z INFO MessageListener] Attempt to create session.
[2025-03-27 20:22:50Z INFO MessageListener] Connecting to the Runner Server...
[2025-03-27 20:22:50Z INFO RunnerServer] EstablishVssConnection
[2025-03-27 20:22:50Z INFO RunnerServer] Establish connection with 100 seconds timeout.
[2025-03-27 20:22:50Z INFO GitHubActionsService] Starting operation Location.GetConnectionData
[2025-03-27 20:22:50Z INFO RunnerServer] EstablishVssConnection
[2025-03-27 20:22:50Z INFO RunnerServer] Establish connection with 60 seconds timeout.
[2025-03-27 20:22:50Z INFO GitHubActionsService] Starting operation Location.GetConnectionData
[2025-03-27 20:22:50Z INFO RunnerServer] EstablishVssConnection
[2025-03-27 20:22:50Z INFO RunnerServer] Establish connection with 60 seconds timeout.
[2025-03-27 20:22:50Z INFO GitHubActionsService] Starting operation Location.GetConnectionData
[2025-03-27 20:22:50Z INFO GitHubActionsService] Finished operation Location.GetConnectionData
[2025-03-27 20:22:50Z INFO GitHubActionsService] Finished operation Location.GetConnectionData
[2025-03-27 20:22:50Z INFO GitHubActionsService] Finished operation Location.GetConnectionData
[2025-03-27 20:22:51Z INFO MessageListener] VssConnection created
[2025-03-27 20:22:51Z INFO Terminal] WRITE LINE: 
[2025-03-27 20:22:51Z INFO Terminal] WRITE LINE: 
[2025-03-27 20:22:51Z INFO RSAEncryptedFileKeyManager] Loading RSA key parameters from file C:\Users\Bruno\OneDrive\Área de Trabalho\WBio\actions-runner\.credentials_rsaparams
[2025-03-27 20:22:51Z INFO RSAEncryptedFileKeyManager] Loading RSA key parameters from file C:\Users\Bruno\OneDrive\Área de Trabalho\WBio\actions-runner\.credentials_rsaparams
[2025-03-27 20:22:51Z INFO GitHubActionsService] AAD Correlation ID for this token request: Unknown
[2025-03-27 20:22:51Z INFO MessageListener] Session created.
[2025-03-27 20:22:51Z INFO Terminal] WRITE LINE: Current runner version: '2.323.0'
[2025-03-27 20:22:51Z INFO Terminal] WRITE LINE: 2025-03-27 20:22:51Z: Listening for Jobs
[2025-03-27 20:22:51Z INFO JobDispatcher] Set runner/worker IPC timeout to 30 seconds.
[2025-03-27 20:22:52Z INFO RSAEncryptedFileKeyManager] Loading RSA key parameters from file C:\Users\Bruno\OneDrive\Área de Trabalho\WBio\actions-runner\.credentials_rsaparams
[2025-03-27 20:22:52Z INFO GitHubActionsService] AAD Correlation ID for this token request: Unknown
[2025-03-27 20:22:53Z INFO MessageListener] Message '7408397799249765784' received from session '626c070a-c554-45b5-b500-544b7032beb5'.
[2025-03-27 20:22:53Z INFO ConfigurationStore] HasCredentials()
[2025-03-27 20:22:53Z INFO ConfigurationStore] stored True
[2025-03-27 20:22:53Z INFO CredentialManager] GetCredentialProvider
[2025-03-27 20:22:53Z INFO CredentialManager] Creating type OAuth
[2025-03-27 20:22:53Z INFO CredentialManager] Creating credential type: OAuth
[2025-03-27 20:22:53Z INFO RSAEncryptedFileKeyManager] Loading RSA key parameters from file C:\Users\Bruno\OneDrive\Área de Trabalho\WBio\actions-runner\.credentials_rsaparams
[2025-03-27 20:22:53Z INFO RSAEncryptedFileKeyManager] Loading RSA key parameters from file C:\Users\Bruno\OneDrive\Área de Trabalho\WBio\actions-runner\.credentials_rsaparams
[2025-03-27 20:22:53Z INFO RSAEncryptedFileKeyManager] Loading RSA key parameters from file C:\Users\Bruno\OneDrive\Área de Trabalho\WBio\actions-runner\.credentials_rsaparams
[2025-03-27 20:22:53Z INFO GitHubActionsService] AAD Correlation ID for this token request: Unknown
[2025-03-27 20:22:54Z INFO JobDispatcher] Job request 0 for plan 9416d2ad-d74b-454f-a394-7c89825258bd job c10c4bb6-a0a4-57c3-999a-e7d68222f173 received.
[2025-03-27 20:22:54Z INFO MessageListener] Received job status event. JobState: Busy
[2025-03-27 20:22:54Z INFO MessageListener] _getMessagesTokenSource is already disposed.
[2025-03-27 20:22:54Z INFO Terminal] WRITE LINE: 2025-03-27 20:22:54Z: Running job: build
[2025-03-27 20:22:54Z INFO JobDispatcher] Start renew job request 0 for job c10c4bb6-a0a4-57c3-999a-e7d68222f173.
[2025-03-27 20:22:54Z INFO JobDispatcher] Successfully renew job c10c4bb6-a0a4-57c3-999a-e7d68222f173, job is valid till 27/03/2025 20:32:55
[2025-03-27 20:22:54Z INFO HostContext] Well known directory 'Bin': 'C:\Users\Bruno\OneDrive\Área de Trabalho\WBio\actions-runner\bin'
[2025-03-27 20:22:54Z INFO ProcessInvokerWrapper] Starting process:
[2025-03-27 20:22:54Z INFO ProcessInvokerWrapper]   File name: 'C:\Users\Bruno\OneDrive\Área de Trabalho\WBio\actions-runner\bin\Runner.Worker.exe'
[2025-03-27 20:22:54Z INFO ProcessInvokerWrapper]   Arguments: 'spawnclient 2212 2260'
[2025-03-27 20:22:54Z INFO ProcessInvokerWrapper]   Working directory: 'C:\Users\Bruno\OneDrive\Área de Trabalho\WBio\actions-runner\bin'
[2025-03-27 20:22:54Z INFO ProcessInvokerWrapper]   Require exit code zero: 'False'
[2025-03-27 20:22:54Z INFO ProcessInvokerWrapper]   Encoding web name:  ; code page: ''
[2025-03-27 20:22:54Z INFO ProcessInvokerWrapper]   Force kill process on cancellation: 'True'
[2025-03-27 20:22:54Z INFO ProcessInvokerWrapper]   Redirected STDIN: 'False'
[2025-03-27 20:22:54Z INFO ProcessInvokerWrapper]   Persist current code page: 'False'
[2025-03-27 20:22:54Z INFO ProcessInvokerWrapper]   Keep redirected STDIN open: 'False'
[2025-03-27 20:22:54Z INFO ProcessInvokerWrapper]   High priority process: 'True'
[2025-03-27 20:22:54Z INFO ProcessInvokerWrapper] Process started with process id 3868, waiting for process exit.
[2025-03-27 20:22:54Z INFO JobDispatcher] Send job request message to worker for job c10c4bb6-a0a4-57c3-999a-e7d68222f173.
[2025-03-27 20:22:54Z INFO ProcessChannel] Sending message of length 18414, with hash '54250f02844ae3b95bf2bcc7866ef9573a2c23e745aa2c1815de95fe7a45c863'
[2025-03-27 20:22:55Z INFO JobNotification] Entering JobStarted Notification
[2025-03-27 20:22:55Z INFO JobNotification] Entering StartMonitor
[2025-03-27 20:23:12Z INFO ProcessInvokerWrapper] STDOUT/STDERR stream read finished.
[2025-03-27 20:23:12Z INFO ProcessInvokerWrapper] STDOUT/STDERR stream read finished.
[2025-03-27 20:23:12Z INFO ProcessInvokerWrapper] Finished process 3868 with exit code 102, and elapsed time 00:00:17.3587018.
[2025-03-27 20:23:12Z INFO JobDispatcher] Worker finished for job c10c4bb6-a0a4-57c3-999a-e7d68222f173. Code: 102
[2025-03-27 20:23:12Z INFO JobDispatcher] finish job request for job c10c4bb6-a0a4-57c3-999a-e7d68222f173 with result: Failed
[2025-03-27 20:23:12Z INFO Terminal] WRITE LINE: 2025-03-27 20:23:12Z: Job build completed with result: Failed
[2025-03-27 20:23:12Z INFO JobDispatcher] Stop renew job request for job c10c4bb6-a0a4-57c3-999a-e7d68222f173.
[2025-03-27 20:23:12Z INFO JobDispatcher] job renew has been cancelled, stop renew job c10c4bb6-a0a4-57c3-999a-e7d68222f173.
[2025-03-27 20:23:12Z INFO JobNotification] Entering JobCompleted Notification
[2025-03-27 20:23:12Z INFO JobNotification] Entering EndMonitor
[2025-03-27 20:23:12Z INFO MessageListener] Received job status event. JobState: Online
[2025-03-27 20:23:12Z INFO MessageListener] Message '723621027707433489' received from session '626c070a-c554-45b5-b500-544b7032beb5'.
[2025-03-27 20:23:12Z INFO ConfigurationStore] HasCredentials()
[2025-03-27 20:23:12Z INFO ConfigurationStore] stored True
[2025-03-27 20:23:12Z INFO CredentialManager] GetCredentialProvider
[2025-03-27 20:23:12Z INFO CredentialManager] Creating type OAuth
[2025-03-27 20:23:12Z INFO CredentialManager] Creating credential type: OAuth
[2025-03-27 20:23:12Z INFO RSAEncryptedFileKeyManager] Loading RSA key parameters from file C:\Users\Bruno\OneDrive\Área de Trabalho\WBio\actions-runner\.credentials_rsaparams
[2025-03-27 20:23:12Z INFO RSAEncryptedFileKeyManager] Loading RSA key parameters from file C:\Users\Bruno\OneDrive\Área de Trabalho\WBio\actions-runner\.credentials_rsaparams
[2025-03-27 20:23:12Z INFO RSAEncryptedFileKeyManager] Loading RSA key parameters from file C:\Users\Bruno\OneDrive\Área de Trabalho\WBio\actions-runner\.credentials_rsaparams
[2025-03-27 20:23:12Z INFO GitHubActionsService] AAD Correlation ID for this token request: Unknown
[2025-03-27 20:23:13Z INFO JobDispatcher] Job request 0 for plan 625482b4-5273-4506-babb-5717d89504d9 job 45a36a60-8c82-5e9c-b6c7-34d8d70df146 received.
[2025-03-27 20:23:13Z INFO MessageListener] Received job status event. JobState: Busy
[2025-03-27 20:23:13Z INFO MessageListener] _getMessagesTokenSource is already disposed.
[2025-03-27 20:23:13Z INFO JobDispatcher] Job request c10c4bb6-a0a4-57c3-999a-e7d68222f173 processed succeed.
[2025-03-27 20:23:13Z INFO Terminal] WRITE LINE: 2025-03-27 20:23:13Z: Running job: build
[2025-03-27 20:23:13Z INFO JobDispatcher] Start renew job request 0 for job 45a36a60-8c82-5e9c-b6c7-34d8d70df146.
[2025-03-27 20:23:13Z INFO JobDispatcher] Successfully renew job 45a36a60-8c82-5e9c-b6c7-34d8d70df146, job is valid till 27/03/2025 20:33:14
[2025-03-27 20:23:13Z INFO HostContext] Well known directory 'Bin': 'C:\Users\Bruno\OneDrive\Área de Trabalho\WBio\actions-runner\bin'
[2025-03-27 20:23:13Z INFO ProcessInvokerWrapper] Starting process:
[2025-03-27 20:23:13Z INFO ProcessInvokerWrapper]   File name: 'C:\Users\Bruno\OneDrive\Área de Trabalho\WBio\actions-runner\bin\Runner.Worker.exe'
[2025-03-27 20:23:13Z INFO ProcessInvokerWrapper]   Arguments: 'spawnclient 2340 2356'
[2025-03-27 20:23:13Z INFO ProcessInvokerWrapper]   Working directory: 'C:\Users\Bruno\OneDrive\Área de Trabalho\WBio\actions-runner\bin'
[2025-03-27 20:23:13Z INFO ProcessInvokerWrapper]   Require exit code zero: 'False'
[2025-03-27 20:23:13Z INFO ProcessInvokerWrapper]   Encoding web name:  ; code page: ''
[2025-03-27 20:23:13Z INFO ProcessInvokerWrapper]   Force kill process on cancellation: 'True'
[2025-03-27 20:23:13Z INFO ProcessInvokerWrapper]   Redirected STDIN: 'False'
[2025-03-27 20:23:13Z INFO ProcessInvokerWrapper]   Persist current code page: 'False'
[2025-03-27 20:23:13Z INFO ProcessInvokerWrapper]   Keep redirected STDIN open: 'False'
[2025-03-27 20:23:13Z INFO ProcessInvokerWrapper]   High priority process: 'True'
[2025-03-27 20:23:13Z INFO ProcessInvokerWrapper] Process started with process id 18784, waiting for process exit.
[2025-03-27 20:23:13Z INFO JobDispatcher] Send job request message to worker for job 45a36a60-8c82-5e9c-b6c7-34d8d70df146.
[2025-03-27 20:23:13Z INFO ProcessChannel] Sending message of length 18436, with hash 'e8525331b2f7dd10c40fbfcb39ba72f68a6811cf4081f6a178655c73a1a13412'
[2025-03-27 20:23:14Z INFO JobNotification] Entering JobStarted Notification
[2025-03-27 20:23:14Z INFO JobNotification] Entering StartMonitor
[2025-03-27 20:23:30Z INFO ProcessInvokerWrapper] STDOUT/STDERR stream read finished.
[2025-03-27 20:23:30Z INFO ProcessInvokerWrapper] STDOUT/STDERR stream read finished.
[2025-03-27 20:23:30Z INFO ProcessInvokerWrapper] Finished process 18784 with exit code 100, and elapsed time 00:00:16.4811383.
[2025-03-27 20:23:30Z INFO JobDispatcher] Worker finished for job 45a36a60-8c82-5e9c-b6c7-34d8d70df146. Code: 100
[2025-03-27 20:23:30Z INFO JobDispatcher] finish job request for job 45a36a60-8c82-5e9c-b6c7-34d8d70df146 with result: Succeeded
[2025-03-27 20:23:30Z INFO Terminal] WRITE LINE: 2025-03-27 20:23:30Z: Job build completed with result: Succeeded
[2025-03-27 20:23:30Z INFO JobDispatcher] Stop renew job request for job 45a36a60-8c82-5e9c-b6c7-34d8d70df146.
[2025-03-27 20:23:30Z INFO JobDispatcher] job renew has been cancelled, stop renew job 45a36a60-8c82-5e9c-b6c7-34d8d70df146.
[2025-03-27 20:23:30Z INFO JobNotification] Entering JobCompleted Notification
[2025-03-27 20:23:30Z INFO JobNotification] Entering EndMonitor
[2025-03-27 20:23:30Z INFO MessageListener] Received job status event. JobState: Online
[2025-03-27 20:24:45Z INFO HostContext] Runner will be shutdown for UserCancelled
[2025-03-27 20:24:45Z WARN GitHubActionsService] GET request to https://broker.actions.githubusercontent.com/message?sessionId=626c070a-c554-45b5-b500-544b7032beb5&status=Online&runnerVersion=2.323.0&os=Windows&architecture=X64&disableUpdate=false has been cancelled.
[2025-03-27 20:24:45Z ERR  BrokerServer] Catch exception during request
[2025-03-27 20:24:45Z ERR  BrokerServer] System.Threading.Tasks.TaskCanceledException: The operation was canceled.
 ---> System.Threading.Tasks.TaskCanceledException: The operation was canceled.
 ---> System.IO.IOException: Unable to read data from the transport connection: A operação de E/S foi anulada devido a uma saída de thread ou a uma requisição de aplicativo..
 ---> System.Net.Sockets.SocketException (995): A operação de E/S foi anulada devido a uma saída de thread ou a uma requisição de aplicativo.
   --- End of inner exception stack trace ---
   at System.Net.Sockets.Socket.AwaitableSocketAsyncEventArgs.ThrowException(SocketError error, CancellationToken cancellationToken)
   at System.Net.Sockets.Socket.AwaitableSocketAsyncEventArgs.System.Threading.Tasks.Sources.IValueTaskSource<System.Int32>.GetResult(Int16 token)
   at System.Net.Security.SslStream.EnsureFullTlsFrameAsync[TIOAdapter](CancellationToken cancellationToken, Int32 estimatedSize)
   at System.Runtime.CompilerServices.PoolingAsyncValueTaskMethodBuilder`1.StateMachineBox`1.System.Threading.Tasks.Sources.IValueTaskSource<TResult>.GetResult(Int16 token)
   at System.Net.Security.SslStream.ReadAsyncInternal[TIOAdapter](Memory`1 buffer, CancellationToken cancellationToken)
   at System.Runtime.CompilerServices.PoolingAsyncValueTaskMethodBuilder`1.StateMachineBox`1.System.Threading.Tasks.Sources.IValueTaskSource<TResult>.GetResult(Int16 token)
   at System.Net.Http.HttpConnection.SendAsync(HttpRequestMessage request, Boolean async, CancellationToken cancellationToken)
   --- End of inner exception stack trace ---
   at System.Net.Http.HttpConnection.SendAsync(HttpRequestMessage request, Boolean async, CancellationToken cancellationToken)
   at System.Net.Http.AuthenticationHelper.SendWithNtAuthAsync(HttpRequestMessage request, Uri authUri, Boolean async, ICredentials credentials, Boolean isProxyAuth, HttpConnection connection, HttpConnectionPool connectionPool, CancellationToken cancellationToken)
   at System.Net.Http.HttpConnectionPool.SendWithVersionDetectionAndRetryAsync(HttpRequestMessage request, Boolean async, Boolean doRequestAuth, CancellationToken cancellationToken)
   at System.Net.Http.AuthenticationHelper.SendWithAuthAsync(HttpRequestMessage request, Uri authUri, Boolean async, ICredentials credentials, Boolean preAuthenticate, Boolean isProxyAuth, Boolean doRequestAuth, HttpConnectionPool pool, CancellationToken cancellationToken)
   at System.Net.Http.RedirectHandler.SendAsync(HttpRequestMessage request, Boolean async, CancellationToken cancellationToken)
   at GitHub.Services.Common.RawHttpMessageHandler.SendAsync(HttpRequestMessage request, CancellationToken cancellationToken)
   at GitHub.Services.Common.VssHttpRetryMessageHandler.SendAsync(HttpRequestMessage request, CancellationToken cancellationToken)
   at System.Net.Http.HttpClient.<SendAsync>g__Core|83_0(HttpRequestMessage request, HttpCompletionOption completionOption, CancellationTokenSource cts, Boolean disposeCts, CancellationTokenSource pendingRequestsCts, CancellationToken originalCancellationToken)
   --- End of inner exception stack trace ---
   at System.Net.Http.HttpClient.HandleFailure(Exception e, Boolean telemetryStarted, HttpResponseMessage response, CancellationTokenSource cts, CancellationToken cancellationToken, CancellationTokenSource pendingRequestsCts)
   at System.Net.Http.HttpClient.<SendAsync>g__Core|83_0(HttpRequestMessage request, HttpCompletionOption completionOption, CancellationTokenSource cts, Boolean disposeCts, CancellationTokenSource pendingRequestsCts, CancellationToken originalCancellationToken)
   at Sdk.WebApi.WebApi.RawHttpClientBase.SendAsync(HttpRequestMessage message, HttpCompletionOption completionOption, Object userState, CancellationToken cancellationToken)
   at Sdk.WebApi.WebApi.RawHttpClientBase.SendAsync[T](HttpRequestMessage message, Boolean readErrorBody, Object userState, CancellationToken cancellationToken)
   at Sdk.WebApi.WebApi.RawHttpClientBase.SendAsync[T](HttpMethod method, IEnumerable`1 additionalHeaders, Uri requestUri, HttpContent content, IEnumerable`1 queryParameters, Boolean readErrorBody, Object userState, CancellationToken cancellationToken)
   at GitHub.Actions.RunService.WebApi.BrokerHttpClient.GetRunnerMessageAsync(Nullable`1 sessionId, String runnerVersion, Nullable`1 status, String os, String architecture, Nullable`1 disableUpdate, CancellationToken cancellationToken)
   at GitHub.Runner.Common.BrokerServer.<>c__DisplayClass7_0.<<GetRunnerMessageAsync>b__0>d.MoveNext()
--- End of stack trace from previous location ---
   at GitHub.Runner.Common.RunnerService.RetryRequest[T](Func`1 func, CancellationToken cancellationToken, Int32 maxRetryAttemptsCount, Func`2 shouldRetry)
[2025-03-27 20:24:45Z ERR  BrokerServer] #####################################################
[2025-03-27 20:24:45Z ERR  BrokerServer] System.Threading.Tasks.TaskCanceledException: The operation was canceled.
 ---> System.IO.IOException: Unable to read data from the transport connection: A operação de E/S foi anulada devido a uma saída de thread ou a uma requisição de aplicativo..
 ---> System.Net.Sockets.SocketException (995): A operação de E/S foi anulada devido a uma saída de thread ou a uma requisição de aplicativo.
   --- End of inner exception stack trace ---
   at System.Net.Sockets.Socket.AwaitableSocketAsyncEventArgs.ThrowException(SocketError error, CancellationToken cancellationToken)
   at System.Net.Sockets.Socket.AwaitableSocketAsyncEventArgs.System.Threading.Tasks.Sources.IValueTaskSource<System.Int32>.GetResult(Int16 token)
   at System.Net.Security.SslStream.EnsureFullTlsFrameAsync[TIOAdapter](CancellationToken cancellationToken, Int32 estimatedSize)
   at System.Runtime.CompilerServices.PoolingAsyncValueTaskMethodBuilder`1.StateMachineBox`1.System.Threading.Tasks.Sources.IValueTaskSource<TResult>.GetResult(Int16 token)
   at System.Net.Security.SslStream.ReadAsyncInternal[TIOAdapter](Memory`1 buffer, CancellationToken cancellationToken)
   at System.Runtime.CompilerServices.PoolingAsyncValueTaskMethodBuilder`1.StateMachineBox`1.System.Threading.Tasks.Sources.IValueTaskSource<TResult>.GetResult(Int16 token)
   at System.Net.Http.HttpConnection.SendAsync(HttpRequestMessage request, Boolean async, CancellationToken cancellationToken)
   --- End of inner exception stack trace ---
   at System.Net.Http.HttpConnection.SendAsync(HttpRequestMessage request, Boolean async, CancellationToken cancellationToken)
   at System.Net.Http.AuthenticationHelper.SendWithNtAuthAsync(HttpRequestMessage request, Uri authUri, Boolean async, ICredentials credentials, Boolean isProxyAuth, HttpConnection connection, HttpConnectionPool connectionPool, CancellationToken cancellationToken)
   at System.Net.Http.HttpConnectionPool.SendWithVersionDetectionAndRetryAsync(HttpRequestMessage request, Boolean async, Boolean doRequestAuth, CancellationToken cancellationToken)
   at System.Net.Http.AuthenticationHelper.SendWithAuthAsync(HttpRequestMessage request, Uri authUri, Boolean async, ICredentials credentials, Boolean preAuthenticate, Boolean isProxyAuth, Boolean doRequestAuth, HttpConnectionPool pool, CancellationToken cancellationToken)
   at System.Net.Http.RedirectHandler.SendAsync(HttpRequestMessage request, Boolean async, CancellationToken cancellationToken)
   at GitHub.Services.Common.RawHttpMessageHandler.SendAsync(HttpRequestMessage request, CancellationToken cancellationToken)
   at GitHub.Services.Common.VssHttpRetryMessageHandler.SendAsync(HttpRequestMessage request, CancellationToken cancellationToken)
   at System.Net.Http.HttpClient.<SendAsync>g__Core|83_0(HttpRequestMessage request, HttpCompletionOption completionOption, CancellationTokenSource cts, Boolean disposeCts, CancellationTokenSource pendingRequestsCts, CancellationToken originalCancellationToken)
[2025-03-27 20:24:45Z ERR  BrokerServer] #####################################################
[2025-03-27 20:24:45Z ERR  BrokerServer] System.IO.IOException: Unable to read data from the transport connection: A operação de E/S foi anulada devido a uma saída de thread ou a uma requisição de aplicativo..
 ---> System.Net.Sockets.SocketException (995): A operação de E/S foi anulada devido a uma saída de thread ou a uma requisição de aplicativo.
   --- End of inner exception stack trace ---
   at System.Net.Sockets.Socket.AwaitableSocketAsyncEventArgs.ThrowException(SocketError error, CancellationToken cancellationToken)
   at System.Net.Sockets.Socket.AwaitableSocketAsyncEventArgs.System.Threading.Tasks.Sources.IValueTaskSource<System.Int32>.GetResult(Int16 token)
   at System.Net.Security.SslStream.EnsureFullTlsFrameAsync[TIOAdapter](CancellationToken cancellationToken, Int32 estimatedSize)
   at System.Runtime.CompilerServices.PoolingAsyncValueTaskMethodBuilder`1.StateMachineBox`1.System.Threading.Tasks.Sources.IValueTaskSource<TResult>.GetResult(Int16 token)
   at System.Net.Security.SslStream.ReadAsyncInternal[TIOAdapter](Memory`1 buffer, CancellationToken cancellationToken)
   at System.Runtime.CompilerServices.PoolingAsyncValueTaskMethodBuilder`1.StateMachineBox`1.System.Threading.Tasks.Sources.IValueTaskSource<TResult>.GetResult(Int16 token)
   at System.Net.Http.HttpConnection.SendAsync(HttpRequestMessage request, Boolean async, CancellationToken cancellationToken)
[2025-03-27 20:24:45Z ERR  BrokerServer] #####################################################
[2025-03-27 20:24:45Z ERR  BrokerServer] System.Net.Sockets.SocketException (995): A operação de E/S foi anulada devido a uma saída de thread ou a uma requisição de aplicativo.
[2025-03-27 20:24:45Z WARN BrokerServer] Back off 9,965 seconds before next retry. 4 attempt left.
[2025-03-27 20:24:45Z INFO MessageListener] Get next message has been cancelled.
[2025-03-27 20:24:45Z INFO JobDispatcher] Shutting down JobDispatcher. Make sure all WorkerDispatcher has finished.
[2025-03-27 20:24:45Z INFO JobDispatcher] Ensure WorkerDispatcher for job 45a36a60-8c82-5e9c-b6c7-34d8d70df146 run to finish, cancel any running job.
[2025-03-27 20:24:45Z INFO JobDispatcher] Job request 45a36a60-8c82-5e9c-b6c7-34d8d70df146 processed succeed.
[2025-03-27 20:24:45Z INFO Runner] Deleting Runner Session...
[2025-03-27 20:24:45Z INFO Listener] Runner execution been cancelled.
