[2025-03-27 19:56:19Z INFO HostContext] No proxy settings were found based on environmental variables (http_proxy/https_proxy/HTTP_PROXY/HTTPS_PROXY)
[2025-03-27 19:56:19Z INFO HostContext] Well known directory 'Bin': 'C:\Users\crise\Desktop\testeSyhunt\WBio\actions-runner\bin'
[2025-03-27 19:56:19Z INFO HostContext] Well known directory 'Root': 'C:\Users\crise\Desktop\testeSyhunt\WBio\actions-runner'
[2025-03-27 19:56:19Z INFO HostContext] Well known config file 'Credentials': 'C:\Users\crise\Desktop\testeSyhunt\WBio\actions-runner\.credentials'
[2025-03-27 19:56:20Z INFO HostContext] Well known directory 'Bin': 'C:\Users\crise\Desktop\testeSyhunt\WBio\actions-runner\bin'
[2025-03-27 19:56:20Z INFO HostContext] Well known directory 'Root': 'C:\Users\crise\Desktop\testeSyhunt\WBio\actions-runner'
[2025-03-27 19:56:20Z INFO HostContext] Well known config file 'Runner': 'C:\Users\crise\Desktop\testeSyhunt\WBio\actions-runner\.runner'
[2025-03-27 19:56:20Z INFO Listener] Runner is built for Windows (X64) - win-x64.
[2025-03-27 19:56:20Z INFO Listener] RuntimeInformation: Microsoft Windows 10.0.19045.
[2025-03-27 19:56:20Z INFO Listener] Version: 2.323.0
[2025-03-27 19:56:20Z INFO Listener] Commit: d8b82f44a9ec0258904d5869ae683c31d5aac299
[2025-03-27 19:56:20Z INFO Listener] Culture: pt-BR
[2025-03-27 19:56:20Z INFO Listener] UI Culture: pt-BR
[2025-03-27 19:56:20Z INFO HostContext] Well known directory 'Bin': 'C:\Users\crise\Desktop\testeSyhunt\WBio\actions-runner\bin'
[2025-03-27 19:56:20Z INFO HostContext] Well known directory 'Root': 'C:\Users\crise\Desktop\testeSyhunt\WBio\actions-runner'
[2025-03-27 19:56:20Z INFO Listener] Validating directory permissions for: 'C:\Users\crise\Desktop\testeSyhunt\WBio\actions-runner'
[2025-03-27 19:56:20Z INFO CommandLineParser] Parse
[2025-03-27 19:56:20Z INFO CommandLineParser] Parsing 1 args
[2025-03-27 19:56:20Z INFO CommandLineParser] parsing argument
[2025-03-27 19:56:20Z INFO CommandLineParser] HasArgs: False
[2025-03-27 19:56:20Z INFO CommandLineParser] Adding Command: run
[2025-03-27 19:56:20Z INFO Listener] Arguments parsed
[2025-03-27 19:56:20Z INFO Runner] ExecuteCommand
[2025-03-27 19:56:20Z INFO ConfigurationStore] currentAssemblyLocation: C:\Users\crise\Desktop\testeSyhunt\WBio\actions-runner\bin\Runner.Listener.dll
[2025-03-27 19:56:20Z INFO HostContext] Well known directory 'Bin': 'C:\Users\crise\Desktop\testeSyhunt\WBio\actions-runner\bin'
[2025-03-27 19:56:20Z INFO ConfigurationStore] binPath: C:\Users\crise\Desktop\testeSyhunt\WBio\actions-runner\bin
[2025-03-27 19:56:20Z INFO HostContext] Well known directory 'Bin': 'C:\Users\crise\Desktop\testeSyhunt\WBio\actions-runner\bin'
[2025-03-27 19:56:20Z INFO HostContext] Well known directory 'Root': 'C:\Users\crise\Desktop\testeSyhunt\WBio\actions-runner'
[2025-03-27 19:56:20Z INFO ConfigurationStore] RootFolder: C:\Users\crise\Desktop\testeSyhunt\WBio\actions-runner
[2025-03-27 19:56:20Z INFO HostContext] Well known directory 'Bin': 'C:\Users\crise\Desktop\testeSyhunt\WBio\actions-runner\bin'
[2025-03-27 19:56:20Z INFO HostContext] Well known directory 'Root': 'C:\Users\crise\Desktop\testeSyhunt\WBio\actions-runner'
[2025-03-27 19:56:20Z INFO HostContext] Well known config file 'Runner': 'C:\Users\crise\Desktop\testeSyhunt\WBio\actions-runner\.runner'
[2025-03-27 19:56:20Z INFO ConfigurationStore] ConfigFilePath: C:\Users\crise\Desktop\testeSyhunt\WBio\actions-runner\.runner
[2025-03-27 19:56:20Z INFO HostContext] Well known directory 'Bin': 'C:\Users\crise\Desktop\testeSyhunt\WBio\actions-runner\bin'
[2025-03-27 19:56:20Z INFO HostContext] Well known directory 'Root': 'C:\Users\crise\Desktop\testeSyhunt\WBio\actions-runner'
[2025-03-27 19:56:20Z INFO HostContext] Well known config file 'MigratedRunner': 'C:\Users\crise\Desktop\testeSyhunt\WBio\actions-runner\.runner_migrated'
[2025-03-27 19:56:20Z INFO ConfigurationStore] MigratedConfigFilePath: C:\Users\crise\Desktop\testeSyhunt\WBio\actions-runner\.runner_migrated
[2025-03-27 19:56:20Z INFO HostContext] Well known directory 'Bin': 'C:\Users\crise\Desktop\testeSyhunt\WBio\actions-runner\bin'
[2025-03-27 19:56:20Z INFO HostContext] Well known directory 'Root': 'C:\Users\crise\Desktop\testeSyhunt\WBio\actions-runner'
[2025-03-27 19:56:20Z INFO HostContext] Well known config file 'Credentials': 'C:\Users\crise\Desktop\testeSyhunt\WBio\actions-runner\.credentials'
[2025-03-27 19:56:20Z INFO ConfigurationStore] CredFilePath: C:\Users\crise\Desktop\testeSyhunt\WBio\actions-runner\.credentials
[2025-03-27 19:56:20Z INFO HostContext] Well known directory 'Bin': 'C:\Users\crise\Desktop\testeSyhunt\WBio\actions-runner\bin'
[2025-03-27 19:56:20Z INFO HostContext] Well known directory 'Root': 'C:\Users\crise\Desktop\testeSyhunt\WBio\actions-runner'
[2025-03-27 19:56:20Z INFO HostContext] Well known config file 'MigratedCredentials': 'C:\Users\crise\Desktop\testeSyhunt\WBio\actions-runner\.credentials_migrated'
[2025-03-27 19:56:20Z INFO ConfigurationStore] MigratedCredFilePath: C:\Users\crise\Desktop\testeSyhunt\WBio\actions-runner\.credentials_migrated
[2025-03-27 19:56:20Z INFO HostContext] Well known directory 'Bin': 'C:\Users\crise\Desktop\testeSyhunt\WBio\actions-runner\bin'
[2025-03-27 19:56:20Z INFO HostContext] Well known directory 'Root': 'C:\Users\crise\Desktop\testeSyhunt\WBio\actions-runner'
[2025-03-27 19:56:20Z INFO HostContext] Well known config file 'Service': 'C:\Users\crise\Desktop\testeSyhunt\WBio\actions-runner\.service'
[2025-03-27 19:56:20Z INFO ConfigurationStore] ServiceConfigFilePath: C:\Users\crise\Desktop\testeSyhunt\WBio\actions-runner\.service
[2025-03-27 19:56:20Z INFO CommandSettings] Flag 'help': 'False'
[2025-03-27 19:56:20Z INFO CommandSettings] Flag 'version': 'False'
[2025-03-27 19:56:20Z INFO CommandSettings] Flag 'commit': 'False'
[2025-03-27 19:56:20Z INFO CommandSettings] Flag 'check': 'False'
[2025-03-27 19:56:20Z INFO CommandSettings] Command 'configure': 'False'
[2025-03-27 19:56:20Z INFO CommandSettings] Command 'remove': 'False'
[2025-03-27 19:56:20Z INFO CommandSettings] Command 'warmup': 'False'
[2025-03-27 19:56:20Z INFO ConfigurationManager] LoadSettings
[2025-03-27 19:56:20Z INFO ConfigurationStore] IsConfigured()
[2025-03-27 19:56:20Z INFO ConfigurationStore] IsConfigured: True
[2025-03-27 19:56:20Z INFO ConfigurationManager] Is configured: True
[2025-03-27 19:56:20Z INFO ConfigurationStore] Read setting file: 292 chars
[2025-03-27 19:56:20Z INFO ConfigurationManager] Settings Loaded
[2025-03-27 19:56:20Z INFO ConfigurationStore] IsServiceConfigured()
[2025-03-27 19:56:20Z INFO ConfigurationStore] IsServiceConfigured: False
[2025-03-27 19:56:20Z INFO CommandSettings] Command 'run': 'True'
[2025-03-27 19:56:20Z INFO ConfigurationStore] IsConfigured()
[2025-03-27 19:56:20Z INFO ConfigurationStore] IsConfigured: True
[2025-03-27 19:56:20Z INFO ConfigurationManager] Is configured: True
[2025-03-27 19:56:20Z INFO Runner] Could not parse the argument value '' for StartupType. Defaulting to Manual
[2025-03-27 19:56:20Z INFO Runner] Set runner startup type - Manual
[2025-03-27 19:56:20Z INFO CommandSettings] Flag 'once': 'False'
[2025-03-27 19:56:20Z INFO CommandSettings] Flag 'once': 'False'
[2025-03-27 19:56:20Z INFO Runner] RunAsync
[2025-03-27 19:56:20Z INFO ConfigurationManager] LoadSettings
[2025-03-27 19:56:20Z INFO ConfigurationStore] IsConfigured()
[2025-03-27 19:56:20Z INFO ConfigurationStore] IsConfigured: True
[2025-03-27 19:56:20Z INFO ConfigurationManager] Is configured: True
[2025-03-27 19:56:20Z INFO ConfigurationManager] Settings Loaded
[2025-03-27 19:56:20Z INFO MessageListener] {
  "AgentId": 2,
  "AgentName": "SYHUNT",
  "PoolId": 1,
  "PoolName": "Default",
  "ServerUrl": "https://pipelinesghubeus26.actions.githubusercontent.com/V4WiDYvNxDZ5Eu26SZTDhlIpE4goOL8PmullF7tTCHnqevgtXO/",
  "GitHubUrl": "https://github.com/tavss1/WBio",
  "WorkFolder": "_work"
}
[2025-03-27 19:56:20Z INFO MessageListener] Loading Credentials
[2025-03-27 19:56:20Z INFO ConfigurationStore] HasCredentials()
[2025-03-27 19:56:20Z INFO ConfigurationStore] stored True
[2025-03-27 19:56:20Z INFO CredentialManager] GetCredentialProvider
[2025-03-27 19:56:20Z INFO CredentialManager] Creating type OAuth
[2025-03-27 19:56:20Z INFO CredentialManager] Creating credential type: OAuth
[2025-03-27 19:56:20Z INFO HostContext] Well known directory 'Bin': 'C:\Users\crise\Desktop\testeSyhunt\WBio\actions-runner\bin'
[2025-03-27 19:56:20Z INFO HostContext] Well known directory 'Root': 'C:\Users\crise\Desktop\testeSyhunt\WBio\actions-runner'
[2025-03-27 19:56:20Z INFO HostContext] Well known config file 'RSACredentials': 'C:\Users\crise\Desktop\testeSyhunt\WBio\actions-runner\.credentials_rsaparams'
[2025-03-27 19:56:20Z INFO RSAEncryptedFileKeyManager] Loading RSA key parameters from file C:\Users\crise\Desktop\testeSyhunt\WBio\actions-runner\.credentials_rsaparams
[2025-03-27 19:56:20Z ERR  Terminal] WRITE ERROR: An error occurred: Chave inválida para uso no estado especificado.
[2025-03-27 19:56:20Z ERR  Listener] System.Security.Cryptography.CryptographicException: Chave inválida para uso no estado especificado.
   at System.Security.Cryptography.ProtectedData.ProtectOrUnprotect(Byte[] inputData, Byte[] optionalEntropy, DataProtectionScope scope, Boolean protect)
   at System.Security.Cryptography.ProtectedData.Unprotect(Byte[] encryptedData, Byte[] optionalEntropy, DataProtectionScope scope)
   at GitHub.Runner.Listener.Configuration.RSAEncryptedFileKeyManager.LoadParameters()
   at GitHub.Runner.Listener.Configuration.RSAEncryptedFileKeyManager.GetKey()
   at GitHub.Runner.Listener.Configuration.OAuthCredential.<>c__DisplayClass2_0.<GetVssCredentials>b__0()
   at GitHub.Services.WebApi.VssSigningCredentials.Create(Func`1 factory, Boolean requireFipsCryptography)
   at GitHub.Runner.Listener.Configuration.OAuthCredential.GetVssCredentials(IHostContext context)
   at GitHub.Runner.Listener.Configuration.CredentialManager.LoadCredentials()
   at GitHub.Runner.Listener.MessageListener.CreateSessionAsync(CancellationToken token)
   at GitHub.Runner.Listener.Runner.RunAsync(RunnerSettings settings, Boolean runOnce)
   at GitHub.Runner.Listener.Runner.ExecuteCommand(CommandSettings command)
   at GitHub.Runner.Listener.Program.MainAsync(IHostContext context, String[] args)
