[2025-03-27 20:43:56Z INFO HostContext] No proxy settings were found based on environmental variables (http_proxy/https_proxy/HTTP_PROXY/HTTPS_PROXY)
[2025-03-27 20:43:56Z INFO HostContext] Well known directory 'Bin': 'C:\Users\Bruno\OneDrive\Área de Trabalho\WBio\actions-runner\bin'
[2025-03-27 20:43:56Z INFO HostContext] Well known directory 'Root': 'C:\Users\Bruno\OneDrive\Área de Trabalho\WBio\actions-runner'
[2025-03-27 20:43:56Z INFO HostContext] Well known config file 'Credentials': 'C:\Users\Bruno\OneDrive\Área de Trabalho\WBio\actions-runner\.credentials'
[2025-03-27 20:43:56Z INFO HostContext] Well known directory 'Bin': 'C:\Users\Bruno\OneDrive\Área de Trabalho\WBio\actions-runner\bin'
[2025-03-27 20:43:56Z INFO HostContext] Well known directory 'Root': 'C:\Users\Bruno\OneDrive\Área de Trabalho\WBio\actions-runner'
[2025-03-27 20:43:56Z INFO HostContext] Well known config file 'Runner': 'C:\Users\Bruno\OneDrive\Área de Trabalho\WBio\actions-runner\.runner'
[2025-03-27 20:43:56Z INFO Listener] Runner is built for Windows (X64) - win-x64.
[2025-03-27 20:43:56Z INFO Listener] RuntimeInformation: Microsoft Windows 10.0.22631.
[2025-03-27 20:43:56Z INFO Listener] Version: 2.323.0
[2025-03-27 20:43:56Z INFO Listener] Commit: d8b82f44a9ec0258904d5869ae683c31d5aac299
[2025-03-27 20:43:56Z INFO Listener] Culture: pt-BR
[2025-03-27 20:43:56Z INFO Listener] UI Culture: pt-BR
[2025-03-27 20:43:56Z INFO HostContext] Well known directory 'Bin': 'C:\Users\Bruno\OneDrive\Área de Trabalho\WBio\actions-runner\bin'
[2025-03-27 20:43:56Z INFO HostContext] Well known directory 'Root': 'C:\Users\Bruno\OneDrive\Área de Trabalho\WBio\actions-runner'
[2025-03-27 20:43:56Z INFO Listener] Validating directory permissions for: 'C:\Users\Bruno\OneDrive\Área de Trabalho\WBio\actions-runner'
[2025-03-27 20:43:56Z INFO CommandLineParser] Parse
[2025-03-27 20:43:56Z INFO CommandLineParser] Parsing 1 args
[2025-03-27 20:43:56Z INFO CommandLineParser] parsing argument
[2025-03-27 20:43:56Z INFO CommandLineParser] HasArgs: False
[2025-03-27 20:43:56Z INFO CommandLineParser] Adding Command: run
[2025-03-27 20:43:56Z INFO Listener] Arguments parsed
[2025-03-27 20:43:56Z INFO Runner] ExecuteCommand
[2025-03-27 20:43:56Z INFO ConfigurationStore] currentAssemblyLocation: C:\Users\Bruno\OneDrive\Área de Trabalho\WBio\actions-runner\bin\Runner.Listener.dll
[2025-03-27 20:43:56Z INFO HostContext] Well known directory 'Bin': 'C:\Users\Bruno\OneDrive\Área de Trabalho\WBio\actions-runner\bin'
[2025-03-27 20:43:56Z INFO ConfigurationStore] binPath: C:\Users\Bruno\OneDrive\Área de Trabalho\WBio\actions-runner\bin
[2025-03-27 20:43:56Z INFO HostContext] Well known directory 'Bin': 'C:\Users\Bruno\OneDrive\Área de Trabalho\WBio\actions-runner\bin'
[2025-03-27 20:43:56Z INFO HostContext] Well known directory 'Root': 'C:\Users\Bruno\OneDrive\Área de Trabalho\WBio\actions-runner'
[2025-03-27 20:43:56Z INFO ConfigurationStore] RootFolder: C:\Users\Bruno\OneDrive\Área de Trabalho\WBio\actions-runner
[2025-03-27 20:43:56Z INFO HostContext] Well known directory 'Bin': 'C:\Users\Bruno\OneDrive\Área de Trabalho\WBio\actions-runner\bin'
[2025-03-27 20:43:56Z INFO HostContext] Well known directory 'Root': 'C:\Users\Bruno\OneDrive\Área de Trabalho\WBio\actions-runner'
[2025-03-27 20:43:56Z INFO HostContext] Well known config file 'Runner': 'C:\Users\Bruno\OneDrive\Área de Trabalho\WBio\actions-runner\.runner'
[2025-03-27 20:43:56Z INFO ConfigurationStore] ConfigFilePath: C:\Users\Bruno\OneDrive\Área de Trabalho\WBio\actions-runner\.runner
[2025-03-27 20:43:56Z INFO HostContext] Well known directory 'Bin': 'C:\Users\Bruno\OneDrive\Área de Trabalho\WBio\actions-runner\bin'
[2025-03-27 20:43:56Z INFO HostContext] Well known directory 'Root': 'C:\Users\Bruno\OneDrive\Área de Trabalho\WBio\actions-runner'
[2025-03-27 20:43:56Z INFO HostContext] Well known config file 'MigratedRunner': 'C:\Users\Bruno\OneDrive\Área de Trabalho\WBio\actions-runner\.runner_migrated'
[2025-03-27 20:43:56Z INFO ConfigurationStore] MigratedConfigFilePath: C:\Users\Bruno\OneDrive\Área de Trabalho\WBio\actions-runner\.runner_migrated
[2025-03-27 20:43:56Z INFO HostContext] Well known directory 'Bin': 'C:\Users\Bruno\OneDrive\Área de Trabalho\WBio\actions-runner\bin'
[2025-03-27 20:43:56Z INFO HostContext] Well known directory 'Root': 'C:\Users\Bruno\OneDrive\Área de Trabalho\WBio\actions-runner'
[2025-03-27 20:43:56Z INFO HostContext] Well known config file 'Credentials': 'C:\Users\Bruno\OneDrive\Área de Trabalho\WBio\actions-runner\.credentials'
[2025-03-27 20:43:56Z INFO ConfigurationStore] CredFilePath: C:\Users\Bruno\OneDrive\Área de Trabalho\WBio\actions-runner\.credentials
[2025-03-27 20:43:56Z INFO HostContext] Well known directory 'Bin': 'C:\Users\Bruno\OneDrive\Área de Trabalho\WBio\actions-runner\bin'
[2025-03-27 20:43:56Z INFO HostContext] Well known directory 'Root': 'C:\Users\Bruno\OneDrive\Área de Trabalho\WBio\actions-runner'
[2025-03-27 20:43:56Z INFO HostContext] Well known config file 'MigratedCredentials': 'C:\Users\Bruno\OneDrive\Área de Trabalho\WBio\actions-runner\.credentials_migrated'
[2025-03-27 20:43:56Z INFO ConfigurationStore] MigratedCredFilePath: C:\Users\Bruno\OneDrive\Área de Trabalho\WBio\actions-runner\.credentials_migrated
[2025-03-27 20:43:56Z INFO HostContext] Well known directory 'Bin': 'C:\Users\Bruno\OneDrive\Área de Trabalho\WBio\actions-runner\bin'
[2025-03-27 20:43:56Z INFO HostContext] Well known directory 'Root': 'C:\Users\Bruno\OneDrive\Área de Trabalho\WBio\actions-runner'
[2025-03-27 20:43:56Z INFO HostContext] Well known config file 'Service': 'C:\Users\Bruno\OneDrive\Área de Trabalho\WBio\actions-runner\.service'
[2025-03-27 20:43:56Z INFO ConfigurationStore] ServiceConfigFilePath: C:\Users\Bruno\OneDrive\Área de Trabalho\WBio\actions-runner\.service
[2025-03-27 20:43:56Z INFO CommandSettings] Flag 'help': 'False'
[2025-03-27 20:43:56Z INFO CommandSettings] Flag 'version': 'False'
[2025-03-27 20:43:56Z INFO CommandSettings] Flag 'commit': 'False'
[2025-03-27 20:43:56Z INFO CommandSettings] Flag 'check': 'False'
[2025-03-27 20:43:56Z INFO CommandSettings] Command 'configure': 'False'
[2025-03-27 20:43:56Z INFO CommandSettings] Command 'remove': 'False'
[2025-03-27 20:43:56Z INFO CommandSettings] Command 'warmup': 'False'
[2025-03-27 20:43:56Z INFO ConfigurationManager] LoadSettings
[2025-03-27 20:43:56Z INFO ConfigurationStore] IsConfigured()
[2025-03-27 20:43:56Z INFO ConfigurationStore] IsConfigured: True
[2025-03-27 20:43:56Z INFO ConfigurationManager] Is configured: True
[2025-03-27 20:43:56Z INFO ConfigurationStore] Read setting file: 292 chars
[2025-03-27 20:43:56Z INFO ConfigurationManager] Settings Loaded
[2025-03-27 20:43:56Z INFO ConfigurationStore] IsServiceConfigured()
[2025-03-27 20:43:56Z INFO ConfigurationStore] IsServiceConfigured: False
[2025-03-27 20:43:56Z INFO CommandSettings] Command 'run': 'True'
[2025-03-27 20:43:56Z INFO ConfigurationStore] IsConfigured()
[2025-03-27 20:43:56Z INFO ConfigurationStore] IsConfigured: True
[2025-03-27 20:43:56Z INFO ConfigurationManager] Is configured: True
[2025-03-27 20:43:56Z INFO Runner] Could not parse the argument value '' for StartupType. Defaulting to Manual
[2025-03-27 20:43:56Z INFO Runner] Set runner startup type - Manual
[2025-03-27 20:43:56Z INFO CommandSettings] Flag 'once': 'False'
[2025-03-27 20:43:56Z INFO CommandSettings] Flag 'once': 'False'
[2025-03-27 20:43:56Z INFO Runner] RunAsync
[2025-03-27 20:43:56Z INFO ConfigurationManager] LoadSettings
[2025-03-27 20:43:56Z INFO ConfigurationStore] IsConfigured()
[2025-03-27 20:43:56Z INFO ConfigurationStore] IsConfigured: True
[2025-03-27 20:43:56Z INFO ConfigurationManager] Is configured: True
[2025-03-27 20:43:56Z INFO ConfigurationManager] Settings Loaded
[2025-03-27 20:43:56Z INFO MessageListener] {
  "AgentId": 2,
  "AgentName": "SYHUNT",
  "PoolId": 1,
  "PoolName": "Default",
  "ServerUrl": "https://pipelinesghubeus26.actions.githubusercontent.com/V4WiDYvNxDZ5Eu26SZTDhlIpE4goOL8PmullF7tTCHnqevgtXO/",
  "GitHubUrl": "https://github.com/tavss1/WBio",
  "WorkFolder": "_work"
}
[2025-03-27 20:43:56Z INFO MessageListener] Loading Credentials
[2025-03-27 20:43:56Z INFO ConfigurationStore] HasCredentials()
[2025-03-27 20:43:56Z INFO ConfigurationStore] stored True
[2025-03-27 20:43:56Z INFO CredentialManager] GetCredentialProvider
[2025-03-27 20:43:56Z INFO CredentialManager] Creating type OAuth
[2025-03-27 20:43:56Z INFO CredentialManager] Creating credential type: OAuth
[2025-03-27 20:43:56Z INFO HostContext] Well known directory 'Bin': 'C:\Users\Bruno\OneDrive\Área de Trabalho\WBio\actions-runner\bin'
[2025-03-27 20:43:56Z INFO HostContext] Well known directory 'Root': 'C:\Users\Bruno\OneDrive\Área de Trabalho\WBio\actions-runner'
[2025-03-27 20:43:56Z INFO HostContext] Well known config file 'RSACredentials': 'C:\Users\Bruno\OneDrive\Área de Trabalho\WBio\actions-runner\.credentials_rsaparams'
[2025-03-27 20:43:56Z INFO RSAEncryptedFileKeyManager] Loading RSA key parameters from file C:\Users\Bruno\OneDrive\Área de Trabalho\WBio\actions-runner\.credentials_rsaparams
[2025-03-27 20:43:56Z INFO MessageListener] Attempt to create session.
[2025-03-27 20:43:56Z INFO MessageListener] Connecting to the Runner Server...
[2025-03-27 20:43:56Z INFO RunnerServer] EstablishVssConnection
[2025-03-27 20:43:56Z INFO RunnerServer] Establish connection with 100 seconds timeout.
[2025-03-27 20:43:56Z INFO GitHubActionsService] Starting operation Location.GetConnectionData
[2025-03-27 20:43:56Z INFO RunnerServer] EstablishVssConnection
[2025-03-27 20:43:56Z INFO RunnerServer] Establish connection with 60 seconds timeout.
[2025-03-27 20:43:56Z INFO GitHubActionsService] Starting operation Location.GetConnectionData
[2025-03-27 20:43:56Z INFO RunnerServer] EstablishVssConnection
[2025-03-27 20:43:56Z INFO RunnerServer] Establish connection with 60 seconds timeout.
[2025-03-27 20:43:56Z INFO GitHubActionsService] Starting operation Location.GetConnectionData
[2025-03-27 20:43:57Z INFO GitHubActionsService] Finished operation Location.GetConnectionData
[2025-03-27 20:43:57Z INFO GitHubActionsService] Finished operation Location.GetConnectionData
[2025-03-27 20:43:57Z INFO GitHubActionsService] Finished operation Location.GetConnectionData
[2025-03-27 20:43:57Z INFO MessageListener] VssConnection created
[2025-03-27 20:43:57Z INFO Terminal] WRITE LINE: 
[2025-03-27 20:43:57Z INFO Terminal] WRITE LINE: 
[2025-03-27 20:43:57Z INFO RSAEncryptedFileKeyManager] Loading RSA key parameters from file C:\Users\Bruno\OneDrive\Área de Trabalho\WBio\actions-runner\.credentials_rsaparams
[2025-03-27 20:43:57Z INFO RSAEncryptedFileKeyManager] Loading RSA key parameters from file C:\Users\Bruno\OneDrive\Área de Trabalho\WBio\actions-runner\.credentials_rsaparams
[2025-03-27 20:43:58Z INFO GitHubActionsService] AAD Correlation ID for this token request: Unknown
[2025-03-27 20:43:58Z INFO MessageListener] Session created.
[2025-03-27 20:43:58Z INFO Terminal] WRITE LINE: Current runner version: '2.323.0'
[2025-03-27 20:43:58Z INFO Terminal] WRITE LINE: 2025-03-27 20:43:58Z: Listening for Jobs
[2025-03-27 20:43:58Z INFO JobDispatcher] Set runner/worker IPC timeout to 30 seconds.
[2025-03-27 20:43:58Z INFO RSAEncryptedFileKeyManager] Loading RSA key parameters from file C:\Users\Bruno\OneDrive\Área de Trabalho\WBio\actions-runner\.credentials_rsaparams
[2025-03-27 20:43:59Z INFO GitHubActionsService] AAD Correlation ID for this token request: Unknown
[2025-03-27 20:43:59Z INFO MessageListener] Message '4787784848674159549' received from session '83db3bc0-1764-4a33-9937-d9ede7ce96b7'.
[2025-03-27 20:43:59Z INFO ConfigurationStore] HasCredentials()
[2025-03-27 20:43:59Z INFO ConfigurationStore] stored True
[2025-03-27 20:43:59Z INFO CredentialManager] GetCredentialProvider
[2025-03-27 20:43:59Z INFO CredentialManager] Creating type OAuth
[2025-03-27 20:43:59Z INFO CredentialManager] Creating credential type: OAuth
[2025-03-27 20:43:59Z INFO RSAEncryptedFileKeyManager] Loading RSA key parameters from file C:\Users\Bruno\OneDrive\Área de Trabalho\WBio\actions-runner\.credentials_rsaparams
[2025-03-27 20:43:59Z INFO RSAEncryptedFileKeyManager] Loading RSA key parameters from file C:\Users\Bruno\OneDrive\Área de Trabalho\WBio\actions-runner\.credentials_rsaparams
[2025-03-27 20:43:59Z INFO RSAEncryptedFileKeyManager] Loading RSA key parameters from file C:\Users\Bruno\OneDrive\Área de Trabalho\WBio\actions-runner\.credentials_rsaparams
[2025-03-27 20:44:00Z INFO GitHubActionsService] AAD Correlation ID for this token request: Unknown
[2025-03-27 20:44:01Z INFO JobDispatcher] Job request 0 for plan ee6ce0a0-2e12-47e3-a6fb-8b088e12c750 job 042e0cfd-0847-5e4e-ac3e-8b5eccffe7ae received.
[2025-03-27 20:44:01Z INFO MessageListener] Received job status event. JobState: Busy
[2025-03-27 20:44:01Z INFO MessageListener] _getMessagesTokenSource is already disposed.
[2025-03-27 20:44:01Z INFO Terminal] WRITE LINE: 2025-03-27 20:44:01Z: Running job: build
[2025-03-27 20:44:01Z INFO JobDispatcher] Start renew job request 0 for job 042e0cfd-0847-5e4e-ac3e-8b5eccffe7ae.
[2025-03-27 20:44:01Z INFO JobDispatcher] Successfully renew job 042e0cfd-0847-5e4e-ac3e-8b5eccffe7ae, job is valid till 27/03/2025 20:54:01
[2025-03-27 20:44:01Z INFO HostContext] Well known directory 'Bin': 'C:\Users\Bruno\OneDrive\Área de Trabalho\WBio\actions-runner\bin'
[2025-03-27 20:44:01Z INFO ProcessInvokerWrapper] Starting process:
[2025-03-27 20:44:01Z INFO ProcessInvokerWrapper]   File name: 'C:\Users\Bruno\OneDrive\Área de Trabalho\WBio\actions-runner\bin\Runner.Worker.exe'
[2025-03-27 20:44:01Z INFO ProcessInvokerWrapper]   Arguments: 'spawnclient 2284 2300'
[2025-03-27 20:44:01Z INFO ProcessInvokerWrapper]   Working directory: 'C:\Users\Bruno\OneDrive\Área de Trabalho\WBio\actions-runner\bin'
[2025-03-27 20:44:01Z INFO ProcessInvokerWrapper]   Require exit code zero: 'False'
[2025-03-27 20:44:01Z INFO ProcessInvokerWrapper]   Encoding web name:  ; code page: ''
[2025-03-27 20:44:01Z INFO ProcessInvokerWrapper]   Force kill process on cancellation: 'True'
[2025-03-27 20:44:01Z INFO ProcessInvokerWrapper]   Redirected STDIN: 'False'
[2025-03-27 20:44:01Z INFO ProcessInvokerWrapper]   Persist current code page: 'False'
[2025-03-27 20:44:01Z INFO ProcessInvokerWrapper]   Keep redirected STDIN open: 'False'
[2025-03-27 20:44:01Z INFO ProcessInvokerWrapper]   High priority process: 'True'
[2025-03-27 20:44:01Z INFO ProcessInvokerWrapper] Process started with process id 23928, waiting for process exit.
[2025-03-27 20:44:01Z INFO JobDispatcher] Send job request message to worker for job 042e0cfd-0847-5e4e-ac3e-8b5eccffe7ae.
[2025-03-27 20:44:01Z INFO ProcessChannel] Sending message of length 18414, with hash '58c7ec3ab9cb5739d8e49a3777c43f9144ee011b10db7df5b5444aad2147a8af'
[2025-03-27 20:44:01Z INFO JobNotification] Entering JobStarted Notification
[2025-03-27 20:44:01Z INFO JobNotification] Entering StartMonitor
[2025-03-27 20:44:16Z INFO ProcessInvokerWrapper] STDOUT/STDERR stream read finished.
[2025-03-27 20:44:16Z INFO ProcessInvokerWrapper] STDOUT/STDERR stream read finished.
[2025-03-27 20:44:16Z INFO ProcessInvokerWrapper] Finished process 23928 with exit code 102, and elapsed time 00:00:15.0971971.
[2025-03-27 20:44:16Z INFO JobDispatcher] Worker finished for job 042e0cfd-0847-5e4e-ac3e-8b5eccffe7ae. Code: 102
[2025-03-27 20:44:16Z INFO JobDispatcher] finish job request for job 042e0cfd-0847-5e4e-ac3e-8b5eccffe7ae with result: Failed
[2025-03-27 20:44:16Z INFO Terminal] WRITE LINE: 2025-03-27 20:44:16Z: Job build completed with result: Failed
[2025-03-27 20:44:16Z INFO JobDispatcher] Stop renew job request for job 042e0cfd-0847-5e4e-ac3e-8b5eccffe7ae.
[2025-03-27 20:44:16Z INFO JobDispatcher] job renew has been cancelled, stop renew job 042e0cfd-0847-5e4e-ac3e-8b5eccffe7ae.
[2025-03-27 20:44:16Z INFO JobNotification] Entering JobCompleted Notification
[2025-03-27 20:44:16Z INFO JobNotification] Entering EndMonitor
[2025-03-27 20:44:16Z INFO MessageListener] Received job status event. JobState: Online
[2025-03-27 20:44:16Z INFO MessageListener] Message '8869698297760216902' received from session '83db3bc0-1764-4a33-9937-d9ede7ce96b7'.
[2025-03-27 20:44:16Z INFO ConfigurationStore] HasCredentials()
[2025-03-27 20:44:16Z INFO ConfigurationStore] stored True
[2025-03-27 20:44:16Z INFO CredentialManager] GetCredentialProvider
[2025-03-27 20:44:16Z INFO CredentialManager] Creating type OAuth
[2025-03-27 20:44:16Z INFO CredentialManager] Creating credential type: OAuth
[2025-03-27 20:44:16Z INFO RSAEncryptedFileKeyManager] Loading RSA key parameters from file C:\Users\Bruno\OneDrive\Área de Trabalho\WBio\actions-runner\.credentials_rsaparams
[2025-03-27 20:44:16Z INFO RSAEncryptedFileKeyManager] Loading RSA key parameters from file C:\Users\Bruno\OneDrive\Área de Trabalho\WBio\actions-runner\.credentials_rsaparams
[2025-03-27 20:44:16Z INFO RSAEncryptedFileKeyManager] Loading RSA key parameters from file C:\Users\Bruno\OneDrive\Área de Trabalho\WBio\actions-runner\.credentials_rsaparams
[2025-03-27 20:44:17Z INFO GitHubActionsService] AAD Correlation ID for this token request: Unknown
[2025-03-27 20:44:18Z INFO JobDispatcher] Job request 0 for plan ac5109c1-444c-4bee-a491-73004e9a57e9 job 172746e4-3830-5ac5-9369-177bf04b3c77 received.
[2025-03-27 20:44:18Z INFO MessageListener] Received job status event. JobState: Busy
[2025-03-27 20:44:18Z INFO MessageListener] _getMessagesTokenSource is already disposed.
[2025-03-27 20:44:18Z INFO JobDispatcher] Job request 042e0cfd-0847-5e4e-ac3e-8b5eccffe7ae processed succeed.
[2025-03-27 20:44:18Z INFO Terminal] WRITE LINE: 2025-03-27 20:44:18Z: Running job: build
[2025-03-27 20:44:18Z INFO JobDispatcher] Start renew job request 0 for job 172746e4-3830-5ac5-9369-177bf04b3c77.
[2025-03-27 20:44:18Z INFO JobDispatcher] Successfully renew job 172746e4-3830-5ac5-9369-177bf04b3c77, job is valid till 27/03/2025 20:54:18
[2025-03-27 20:44:18Z INFO HostContext] Well known directory 'Bin': 'C:\Users\Bruno\OneDrive\Área de Trabalho\WBio\actions-runner\bin'
[2025-03-27 20:44:18Z INFO ProcessInvokerWrapper] Starting process:
[2025-03-27 20:44:18Z INFO ProcessInvokerWrapper]   File name: 'C:\Users\Bruno\OneDrive\Área de Trabalho\WBio\actions-runner\bin\Runner.Worker.exe'
[2025-03-27 20:44:18Z INFO ProcessInvokerWrapper]   Arguments: 'spawnclient 2380 2392'
[2025-03-27 20:44:18Z INFO ProcessInvokerWrapper]   Working directory: 'C:\Users\Bruno\OneDrive\Área de Trabalho\WBio\actions-runner\bin'
[2025-03-27 20:44:18Z INFO ProcessInvokerWrapper]   Require exit code zero: 'False'
[2025-03-27 20:44:18Z INFO ProcessInvokerWrapper]   Encoding web name:  ; code page: ''
[2025-03-27 20:44:18Z INFO ProcessInvokerWrapper]   Force kill process on cancellation: 'True'
[2025-03-27 20:44:18Z INFO ProcessInvokerWrapper]   Redirected STDIN: 'False'
[2025-03-27 20:44:18Z INFO ProcessInvokerWrapper]   Persist current code page: 'False'
[2025-03-27 20:44:18Z INFO ProcessInvokerWrapper]   Keep redirected STDIN open: 'False'
[2025-03-27 20:44:18Z INFO ProcessInvokerWrapper]   High priority process: 'True'
[2025-03-27 20:44:18Z INFO ProcessInvokerWrapper] Process started with process id 12844, waiting for process exit.
[2025-03-27 20:44:18Z INFO JobDispatcher] Send job request message to worker for job 172746e4-3830-5ac5-9369-177bf04b3c77.
[2025-03-27 20:44:18Z INFO ProcessChannel] Sending message of length 18433, with hash 'ba78666db4c2381a9ec95252c109013f506f3e9cce1e8500e34bc6a8e6ce9a36'
[2025-03-27 20:44:18Z INFO JobNotification] Entering JobStarted Notification
[2025-03-27 20:44:18Z INFO JobNotification] Entering StartMonitor
[2025-03-27 20:44:32Z INFO ProcessInvokerWrapper] STDOUT/STDERR stream read finished.
[2025-03-27 20:44:32Z INFO ProcessInvokerWrapper] STDOUT/STDERR stream read finished.
[2025-03-27 20:44:32Z INFO ProcessInvokerWrapper] Finished process 12844 with exit code 100, and elapsed time 00:00:14.1033256.
[2025-03-27 20:44:32Z INFO JobDispatcher] Worker finished for job 172746e4-3830-5ac5-9369-177bf04b3c77. Code: 100
[2025-03-27 20:44:32Z INFO JobDispatcher] finish job request for job 172746e4-3830-5ac5-9369-177bf04b3c77 with result: Succeeded
[2025-03-27 20:44:32Z INFO Terminal] WRITE LINE: 2025-03-27 20:44:32Z: Job build completed with result: Succeeded
[2025-03-27 20:44:32Z INFO JobDispatcher] Stop renew job request for job 172746e4-3830-5ac5-9369-177bf04b3c77.
[2025-03-27 20:44:32Z INFO JobDispatcher] job renew has been cancelled, stop renew job 172746e4-3830-5ac5-9369-177bf04b3c77.
[2025-03-27 20:44:32Z INFO JobNotification] Entering JobCompleted Notification
[2025-03-27 20:44:32Z INFO JobNotification] Entering EndMonitor
[2025-03-27 20:44:32Z INFO MessageListener] Received job status event. JobState: Online
[2025-03-27 20:44:32Z INFO MessageListener] Message '1644023842673543696' received from session '83db3bc0-1764-4a33-9937-d9ede7ce96b7'.
[2025-03-27 20:44:32Z INFO ConfigurationStore] HasCredentials()
[2025-03-27 20:44:32Z INFO ConfigurationStore] stored True
[2025-03-27 20:44:32Z INFO CredentialManager] GetCredentialProvider
[2025-03-27 20:44:32Z INFO CredentialManager] Creating type OAuth
[2025-03-27 20:44:32Z INFO CredentialManager] Creating credential type: OAuth
[2025-03-27 20:44:32Z INFO RSAEncryptedFileKeyManager] Loading RSA key parameters from file C:\Users\Bruno\OneDrive\Área de Trabalho\WBio\actions-runner\.credentials_rsaparams
[2025-03-27 20:44:32Z INFO RSAEncryptedFileKeyManager] Loading RSA key parameters from file C:\Users\Bruno\OneDrive\Área de Trabalho\WBio\actions-runner\.credentials_rsaparams
[2025-03-27 20:44:32Z INFO RSAEncryptedFileKeyManager] Loading RSA key parameters from file C:\Users\Bruno\OneDrive\Área de Trabalho\WBio\actions-runner\.credentials_rsaparams
[2025-03-27 20:44:33Z INFO GitHubActionsService] AAD Correlation ID for this token request: Unknown
[2025-03-27 20:44:34Z INFO JobDispatcher] Job request 0 for plan 20a4c01b-1f8b-4720-b196-13cb8d7572d3 job 3f6e7d78-67cc-51d7-a289-d38cd3184e70 received.
[2025-03-27 20:44:34Z INFO MessageListener] Received job status event. JobState: Busy
[2025-03-27 20:44:34Z INFO MessageListener] _getMessagesTokenSource is already disposed.
[2025-03-27 20:44:34Z INFO JobDispatcher] Job request 172746e4-3830-5ac5-9369-177bf04b3c77 processed succeed.
[2025-03-27 20:44:34Z INFO Terminal] WRITE LINE: 2025-03-27 20:44:34Z: Running job: build
[2025-03-27 20:44:34Z INFO JobDispatcher] Start renew job request 0 for job 3f6e7d78-67cc-51d7-a289-d38cd3184e70.
[2025-03-27 20:44:34Z INFO JobDispatcher] Successfully renew job 3f6e7d78-67cc-51d7-a289-d38cd3184e70, job is valid till 27/03/2025 20:54:34
[2025-03-27 20:44:34Z INFO HostContext] Well known directory 'Bin': 'C:\Users\Bruno\OneDrive\Área de Trabalho\WBio\actions-runner\bin'
[2025-03-27 20:44:34Z INFO ProcessInvokerWrapper] Starting process:
[2025-03-27 20:44:34Z INFO ProcessInvokerWrapper]   File name: 'C:\Users\Bruno\OneDrive\Área de Trabalho\WBio\actions-runner\bin\Runner.Worker.exe'
[2025-03-27 20:44:34Z INFO ProcessInvokerWrapper]   Arguments: 'spawnclient 2388 2404'
[2025-03-27 20:44:34Z INFO ProcessInvokerWrapper]   Working directory: 'C:\Users\Bruno\OneDrive\Área de Trabalho\WBio\actions-runner\bin'
[2025-03-27 20:44:34Z INFO ProcessInvokerWrapper]   Require exit code zero: 'False'
[2025-03-27 20:44:34Z INFO ProcessInvokerWrapper]   Encoding web name:  ; code page: ''
[2025-03-27 20:44:34Z INFO ProcessInvokerWrapper]   Force kill process on cancellation: 'True'
[2025-03-27 20:44:34Z INFO ProcessInvokerWrapper]   Redirected STDIN: 'False'
[2025-03-27 20:44:34Z INFO ProcessInvokerWrapper]   Persist current code page: 'False'
[2025-03-27 20:44:34Z INFO ProcessInvokerWrapper]   Keep redirected STDIN open: 'False'
[2025-03-27 20:44:34Z INFO ProcessInvokerWrapper]   High priority process: 'True'
[2025-03-27 20:44:34Z INFO ProcessInvokerWrapper] Process started with process id 14060, waiting for process exit.
[2025-03-27 20:44:34Z INFO JobDispatcher] Send job request message to worker for job 3f6e7d78-67cc-51d7-a289-d38cd3184e70.
[2025-03-27 20:44:34Z INFO ProcessChannel] Sending message of length 18404, with hash '485731b29ef611056b068e127ff8555c67c8586b95171d0064669fb60f1aba2f'
[2025-03-27 20:44:34Z INFO JobNotification] Entering JobStarted Notification
[2025-03-27 20:44:34Z INFO JobNotification] Entering StartMonitor
[2025-03-27 20:44:56Z INFO ProcessInvokerWrapper] STDOUT/STDERR stream read finished.
[2025-03-27 20:44:56Z INFO ProcessInvokerWrapper] STDOUT/STDERR stream read finished.
[2025-03-27 20:44:56Z INFO ProcessInvokerWrapper] Finished process 14060 with exit code 102, and elapsed time 00:00:21.7073319.
[2025-03-27 20:44:56Z INFO JobDispatcher] Worker finished for job 3f6e7d78-67cc-51d7-a289-d38cd3184e70. Code: 102
[2025-03-27 20:44:56Z INFO JobDispatcher] finish job request for job 3f6e7d78-67cc-51d7-a289-d38cd3184e70 with result: Failed
[2025-03-27 20:44:56Z INFO Terminal] WRITE LINE: 2025-03-27 20:44:56Z: Job build completed with result: Failed
[2025-03-27 20:44:56Z INFO JobDispatcher] Stop renew job request for job 3f6e7d78-67cc-51d7-a289-d38cd3184e70.
[2025-03-27 20:44:56Z INFO JobDispatcher] job renew has been cancelled, stop renew job 3f6e7d78-67cc-51d7-a289-d38cd3184e70.
[2025-03-27 20:44:56Z INFO JobNotification] Entering JobCompleted Notification
[2025-03-27 20:44:56Z INFO JobNotification] Entering EndMonitor
[2025-03-27 20:44:56Z INFO MessageListener] Received job status event. JobState: Online
[2025-03-27 20:46:58Z INFO HostContext] Runner will be shutdown for UserCancelled
[2025-03-27 20:46:58Z WARN GitHubActionsService] GET request to https://broker.actions.githubusercontent.com/message?sessionId=83db3bc0-1764-4a33-9937-d9ede7ce96b7&status=Online&runnerVersion=2.323.0&os=Windows&architecture=X64&disableUpdate=false has been cancelled.
[2025-03-27 20:46:58Z ERR  BrokerServer] Catch exception during request
[2025-03-27 20:46:58Z ERR  BrokerServer] System.Threading.Tasks.TaskCanceledException: The operation was canceled.
 ---> System.Threading.Tasks.TaskCanceledException: The operation was canceled.
 ---> System.IO.IOException: Unable to read data from the transport connection: A operação de E/S foi anulada devido a uma saída de thread ou a uma requisição de aplicativo..
 ---> System.Net.Sockets.SocketException (995): A operação de E/S foi anulada devido a uma saída de thread ou a uma requisição de aplicativo.
   --- End of inner exception stack trace ---
   at System.Net.Sockets.Socket.AwaitableSocketAsyncEventArgs.ThrowException(SocketError error, CancellationToken cancellationToken)
   at System.Net.Sockets.Socket.AwaitableSocketAsyncEventArgs.System.Threading.Tasks.Sources.IValueTaskSource<System.Int32>.GetResult(Int16 token)
   at System.Net.Security.SslStream.EnsureFullTlsFrameAsync[TIOAdapter](CancellationToken cancellationToken, Int32 estimatedSize)
   at System.Runtime.CompilerServices.PoolingAsyncValueTaskMethodBuilder`1.StateMachineBox`1.System.Threading.Tasks.Sources.IValueTaskSource<TResult>.GetResult(Int16 token)
   at System.Net.Security.SslStream.ReadAsyncInternal[TIOAdapter](Memory`1 buffer, CancellationToken cancellationToken)
   at System.Runtime.CompilerServices.PoolingAsyncValueTaskMethodBuilder`1.StateMachineBox`1.System.Threading.Tasks.Sources.IValueTaskSource<TResult>.GetResult(Int16 token)
   at System.Net.Http.HttpConnection.SendAsync(HttpRequestMessage request, Boolean async, CancellationToken cancellationToken)
   --- End of inner exception stack trace ---
   at System.Net.Http.HttpConnection.SendAsync(HttpRequestMessage request, Boolean async, CancellationToken cancellationToken)
   at System.Net.Http.AuthenticationHelper.SendWithNtAuthAsync(HttpRequestMessage request, Uri authUri, Boolean async, ICredentials credentials, Boolean isProxyAuth, HttpConnection connection, HttpConnectionPool connectionPool, CancellationToken cancellationToken)
   at System.Net.Http.HttpConnectionPool.SendWithVersionDetectionAndRetryAsync(HttpRequestMessage request, Boolean async, Boolean doRequestAuth, CancellationToken cancellationToken)
   at System.Net.Http.AuthenticationHelper.SendWithAuthAsync(HttpRequestMessage request, Uri authUri, Boolean async, ICredentials credentials, Boolean preAuthenticate, Boolean isProxyAuth, Boolean doRequestAuth, HttpConnectionPool pool, CancellationToken cancellationToken)
   at System.Net.Http.RedirectHandler.SendAsync(HttpRequestMessage request, Boolean async, CancellationToken cancellationToken)
   at GitHub.Services.Common.RawHttpMessageHandler.SendAsync(HttpRequestMessage request, CancellationToken cancellationToken)
   at GitHub.Services.Common.VssHttpRetryMessageHandler.SendAsync(HttpRequestMessage request, CancellationToken cancellationToken)
   at System.Net.Http.HttpClient.<SendAsync>g__Core|83_0(HttpRequestMessage request, HttpCompletionOption completionOption, CancellationTokenSource cts, Boolean disposeCts, CancellationTokenSource pendingRequestsCts, CancellationToken originalCancellationToken)
   --- End of inner exception stack trace ---
   at System.Net.Http.HttpClient.HandleFailure(Exception e, Boolean telemetryStarted, HttpResponseMessage response, CancellationTokenSource cts, CancellationToken cancellationToken, CancellationTokenSource pendingRequestsCts)
   at System.Net.Http.HttpClient.<SendAsync>g__Core|83_0(HttpRequestMessage request, HttpCompletionOption completionOption, CancellationTokenSource cts, Boolean disposeCts, CancellationTokenSource pendingRequestsCts, CancellationToken originalCancellationToken)
   at Sdk.WebApi.WebApi.RawHttpClientBase.SendAsync(HttpRequestMessage message, HttpCompletionOption completionOption, Object userState, CancellationToken cancellationToken)
   at Sdk.WebApi.WebApi.RawHttpClientBase.SendAsync[T](HttpRequestMessage message, Boolean readErrorBody, Object userState, CancellationToken cancellationToken)
   at Sdk.WebApi.WebApi.RawHttpClientBase.SendAsync[T](HttpMethod method, IEnumerable`1 additionalHeaders, Uri requestUri, HttpContent content, IEnumerable`1 queryParameters, Boolean readErrorBody, Object userState, CancellationToken cancellationToken)
   at GitHub.Actions.RunService.WebApi.BrokerHttpClient.GetRunnerMessageAsync(Nullable`1 sessionId, String runnerVersion, Nullable`1 status, String os, String architecture, Nullable`1 disableUpdate, CancellationToken cancellationToken)
   at GitHub.Runner.Common.BrokerServer.<>c__DisplayClass7_0.<<GetRunnerMessageAsync>b__0>d.MoveNext()
--- End of stack trace from previous location ---
   at GitHub.Runner.Common.RunnerService.RetryRequest[T](Func`1 func, CancellationToken cancellationToken, Int32 maxRetryAttemptsCount, Func`2 shouldRetry)
[2025-03-27 20:46:58Z ERR  BrokerServer] #####################################################
[2025-03-27 20:46:58Z ERR  BrokerServer] System.Threading.Tasks.TaskCanceledException: The operation was canceled.
 ---> System.IO.IOException: Unable to read data from the transport connection: A operação de E/S foi anulada devido a uma saída de thread ou a uma requisição de aplicativo..
 ---> System.Net.Sockets.SocketException (995): A operação de E/S foi anulada devido a uma saída de thread ou a uma requisição de aplicativo.
   --- End of inner exception stack trace ---
   at System.Net.Sockets.Socket.AwaitableSocketAsyncEventArgs.ThrowException(SocketError error, CancellationToken cancellationToken)
   at System.Net.Sockets.Socket.AwaitableSocketAsyncEventArgs.System.Threading.Tasks.Sources.IValueTaskSource<System.Int32>.GetResult(Int16 token)
   at System.Net.Security.SslStream.EnsureFullTlsFrameAsync[TIOAdapter](CancellationToken cancellationToken, Int32 estimatedSize)
   at System.Runtime.CompilerServices.PoolingAsyncValueTaskMethodBuilder`1.StateMachineBox`1.System.Threading.Tasks.Sources.IValueTaskSource<TResult>.GetResult(Int16 token)
   at System.Net.Security.SslStream.ReadAsyncInternal[TIOAdapter](Memory`1 buffer, CancellationToken cancellationToken)
   at System.Runtime.CompilerServices.PoolingAsyncValueTaskMethodBuilder`1.StateMachineBox`1.System.Threading.Tasks.Sources.IValueTaskSource<TResult>.GetResult(Int16 token)
   at System.Net.Http.HttpConnection.SendAsync(HttpRequestMessage request, Boolean async, CancellationToken cancellationToken)
   --- End of inner exception stack trace ---
   at System.Net.Http.HttpConnection.SendAsync(HttpRequestMessage request, Boolean async, CancellationToken cancellationToken)
   at System.Net.Http.AuthenticationHelper.SendWithNtAuthAsync(HttpRequestMessage request, Uri authUri, Boolean async, ICredentials credentials, Boolean isProxyAuth, HttpConnection connection, HttpConnectionPool connectionPool, CancellationToken cancellationToken)
   at System.Net.Http.HttpConnectionPool.SendWithVersionDetectionAndRetryAsync(HttpRequestMessage request, Boolean async, Boolean doRequestAuth, CancellationToken cancellationToken)
   at System.Net.Http.AuthenticationHelper.SendWithAuthAsync(HttpRequestMessage request, Uri authUri, Boolean async, ICredentials credentials, Boolean preAuthenticate, Boolean isProxyAuth, Boolean doRequestAuth, HttpConnectionPool pool, CancellationToken cancellationToken)
   at System.Net.Http.RedirectHandler.SendAsync(HttpRequestMessage request, Boolean async, CancellationToken cancellationToken)
   at GitHub.Services.Common.RawHttpMessageHandler.SendAsync(HttpRequestMessage request, CancellationToken cancellationToken)
   at GitHub.Services.Common.VssHttpRetryMessageHandler.SendAsync(HttpRequestMessage request, CancellationToken cancellationToken)
   at System.Net.Http.HttpClient.<SendAsync>g__Core|83_0(HttpRequestMessage request, HttpCompletionOption completionOption, CancellationTokenSource cts, Boolean disposeCts, CancellationTokenSource pendingRequestsCts, CancellationToken originalCancellationToken)
[2025-03-27 20:46:58Z ERR  BrokerServer] #####################################################
[2025-03-27 20:46:58Z ERR  BrokerServer] System.IO.IOException: Unable to read data from the transport connection: A operação de E/S foi anulada devido a uma saída de thread ou a uma requisição de aplicativo..
 ---> System.Net.Sockets.SocketException (995): A operação de E/S foi anulada devido a uma saída de thread ou a uma requisição de aplicativo.
   --- End of inner exception stack trace ---
   at System.Net.Sockets.Socket.AwaitableSocketAsyncEventArgs.ThrowException(SocketError error, CancellationToken cancellationToken)
   at System.Net.Sockets.Socket.AwaitableSocketAsyncEventArgs.System.Threading.Tasks.Sources.IValueTaskSource<System.Int32>.GetResult(Int16 token)
   at System.Net.Security.SslStream.EnsureFullTlsFrameAsync[TIOAdapter](CancellationToken cancellationToken, Int32 estimatedSize)
   at System.Runtime.CompilerServices.PoolingAsyncValueTaskMethodBuilder`1.StateMachineBox`1.System.Threading.Tasks.Sources.IValueTaskSource<TResult>.GetResult(Int16 token)
   at System.Net.Security.SslStream.ReadAsyncInternal[TIOAdapter](Memory`1 buffer, CancellationToken cancellationToken)
   at System.Runtime.CompilerServices.PoolingAsyncValueTaskMethodBuilder`1.StateMachineBox`1.System.Threading.Tasks.Sources.IValueTaskSource<TResult>.GetResult(Int16 token)
   at System.Net.Http.HttpConnection.SendAsync(HttpRequestMessage request, Boolean async, CancellationToken cancellationToken)
[2025-03-27 20:46:58Z ERR  BrokerServer] #####################################################
[2025-03-27 20:46:58Z ERR  BrokerServer] System.Net.Sockets.SocketException (995): A operação de E/S foi anulada devido a uma saída de thread ou a uma requisição de aplicativo.
[2025-03-27 20:46:58Z WARN BrokerServer] Back off 13,584 seconds before next retry. 4 attempt left.
[2025-03-27 20:46:58Z INFO MessageListener] Get next message has been cancelled.
[2025-03-27 20:46:58Z INFO JobDispatcher] Shutting down JobDispatcher. Make sure all WorkerDispatcher has finished.
[2025-03-27 20:46:58Z INFO JobDispatcher] Ensure WorkerDispatcher for job 3f6e7d78-67cc-51d7-a289-d38cd3184e70 run to finish, cancel any running job.
[2025-03-27 20:46:58Z INFO JobDispatcher] Job request 3f6e7d78-67cc-51d7-a289-d38cd3184e70 processed succeed.
[2025-03-27 20:46:58Z INFO Runner] Deleting Runner Session...
[2025-03-27 20:46:59Z INFO Listener] Runner execution been cancelled.
