[2025-03-27 20:27:55Z INFO HostContext] No proxy settings were found based on environmental variables (http_proxy/https_proxy/HTTP_PROXY/HTTPS_PROXY)
[2025-03-27 20:27:55Z INFO HostContext] Well known directory 'Bin': 'C:\Users\Bruno\OneDrive\Área de Trabalho\WBio\actions-runner\bin'
[2025-03-27 20:27:55Z INFO HostContext] Well known directory 'Root': 'C:\Users\Bruno\OneDrive\Área de Trabalho\WBio\actions-runner'
[2025-03-27 20:27:55Z INFO HostContext] Well known config file 'Credentials': 'C:\Users\Bruno\OneDrive\Área de Trabalho\WBio\actions-runner\.credentials'
[2025-03-27 20:27:55Z INFO HostContext] Well known directory 'Bin': 'C:\Users\Bruno\OneDrive\Área de Trabalho\WBio\actions-runner\bin'
[2025-03-27 20:27:55Z INFO HostContext] Well known directory 'Root': 'C:\Users\Bruno\OneDrive\Área de Trabalho\WBio\actions-runner'
[2025-03-27 20:27:55Z INFO HostContext] Well known config file 'Runner': 'C:\Users\Bruno\OneDrive\Área de Trabalho\WBio\actions-runner\.runner'
[2025-03-27 20:27:55Z INFO Listener] Runner is built for Windows (X64) - win-x64.
[2025-03-27 20:27:55Z INFO Listener] RuntimeInformation: Microsoft Windows 10.0.22631.
[2025-03-27 20:27:55Z INFO Listener] Version: 2.323.0
[2025-03-27 20:27:55Z INFO Listener] Commit: d8b82f44a9ec0258904d5869ae683c31d5aac299
[2025-03-27 20:27:55Z INFO Listener] Culture: pt-BR
[2025-03-27 20:27:55Z INFO Listener] UI Culture: pt-BR
[2025-03-27 20:27:55Z INFO HostContext] Well known directory 'Bin': 'C:\Users\Bruno\OneDrive\Área de Trabalho\WBio\actions-runner\bin'
[2025-03-27 20:27:55Z INFO HostContext] Well known directory 'Root': 'C:\Users\Bruno\OneDrive\Área de Trabalho\WBio\actions-runner'
[2025-03-27 20:27:55Z INFO Listener] Validating directory permissions for: 'C:\Users\Bruno\OneDrive\Área de Trabalho\WBio\actions-runner'
[2025-03-27 20:27:55Z INFO CommandLineParser] Parse
[2025-03-27 20:27:55Z INFO CommandLineParser] Parsing 1 args
[2025-03-27 20:27:55Z INFO CommandLineParser] parsing argument
[2025-03-27 20:27:55Z INFO CommandLineParser] HasArgs: False
[2025-03-27 20:27:55Z INFO CommandLineParser] Adding Command: run
[2025-03-27 20:27:55Z INFO Listener] Arguments parsed
[2025-03-27 20:27:55Z INFO Runner] ExecuteCommand
[2025-03-27 20:27:55Z INFO ConfigurationStore] currentAssemblyLocation: C:\Users\Bruno\OneDrive\Área de Trabalho\WBio\actions-runner\bin\Runner.Listener.dll
[2025-03-27 20:27:55Z INFO HostContext] Well known directory 'Bin': 'C:\Users\Bruno\OneDrive\Área de Trabalho\WBio\actions-runner\bin'
[2025-03-27 20:27:55Z INFO ConfigurationStore] binPath: C:\Users\Bruno\OneDrive\Área de Trabalho\WBio\actions-runner\bin
[2025-03-27 20:27:55Z INFO HostContext] Well known directory 'Bin': 'C:\Users\Bruno\OneDrive\Área de Trabalho\WBio\actions-runner\bin'
[2025-03-27 20:27:55Z INFO HostContext] Well known directory 'Root': 'C:\Users\Bruno\OneDrive\Área de Trabalho\WBio\actions-runner'
[2025-03-27 20:27:55Z INFO ConfigurationStore] RootFolder: C:\Users\Bruno\OneDrive\Área de Trabalho\WBio\actions-runner
[2025-03-27 20:27:55Z INFO HostContext] Well known directory 'Bin': 'C:\Users\Bruno\OneDrive\Área de Trabalho\WBio\actions-runner\bin'
[2025-03-27 20:27:55Z INFO HostContext] Well known directory 'Root': 'C:\Users\Bruno\OneDrive\Área de Trabalho\WBio\actions-runner'
[2025-03-27 20:27:55Z INFO HostContext] Well known config file 'Runner': 'C:\Users\Bruno\OneDrive\Área de Trabalho\WBio\actions-runner\.runner'
[2025-03-27 20:27:55Z INFO ConfigurationStore] ConfigFilePath: C:\Users\Bruno\OneDrive\Área de Trabalho\WBio\actions-runner\.runner
[2025-03-27 20:27:55Z INFO HostContext] Well known directory 'Bin': 'C:\Users\Bruno\OneDrive\Área de Trabalho\WBio\actions-runner\bin'
[2025-03-27 20:27:55Z INFO HostContext] Well known directory 'Root': 'C:\Users\Bruno\OneDrive\Área de Trabalho\WBio\actions-runner'
[2025-03-27 20:27:55Z INFO HostContext] Well known config file 'MigratedRunner': 'C:\Users\Bruno\OneDrive\Área de Trabalho\WBio\actions-runner\.runner_migrated'
[2025-03-27 20:27:55Z INFO ConfigurationStore] MigratedConfigFilePath: C:\Users\Bruno\OneDrive\Área de Trabalho\WBio\actions-runner\.runner_migrated
[2025-03-27 20:27:55Z INFO HostContext] Well known directory 'Bin': 'C:\Users\Bruno\OneDrive\Área de Trabalho\WBio\actions-runner\bin'
[2025-03-27 20:27:55Z INFO HostContext] Well known directory 'Root': 'C:\Users\Bruno\OneDrive\Área de Trabalho\WBio\actions-runner'
[2025-03-27 20:27:55Z INFO HostContext] Well known config file 'Credentials': 'C:\Users\Bruno\OneDrive\Área de Trabalho\WBio\actions-runner\.credentials'
[2025-03-27 20:27:55Z INFO ConfigurationStore] CredFilePath: C:\Users\Bruno\OneDrive\Área de Trabalho\WBio\actions-runner\.credentials
[2025-03-27 20:27:55Z INFO HostContext] Well known directory 'Bin': 'C:\Users\Bruno\OneDrive\Área de Trabalho\WBio\actions-runner\bin'
[2025-03-27 20:27:55Z INFO HostContext] Well known directory 'Root': 'C:\Users\Bruno\OneDrive\Área de Trabalho\WBio\actions-runner'
[2025-03-27 20:27:55Z INFO HostContext] Well known config file 'MigratedCredentials': 'C:\Users\Bruno\OneDrive\Área de Trabalho\WBio\actions-runner\.credentials_migrated'
[2025-03-27 20:27:55Z INFO ConfigurationStore] MigratedCredFilePath: C:\Users\Bruno\OneDrive\Área de Trabalho\WBio\actions-runner\.credentials_migrated
[2025-03-27 20:27:55Z INFO HostContext] Well known directory 'Bin': 'C:\Users\Bruno\OneDrive\Área de Trabalho\WBio\actions-runner\bin'
[2025-03-27 20:27:55Z INFO HostContext] Well known directory 'Root': 'C:\Users\Bruno\OneDrive\Área de Trabalho\WBio\actions-runner'
[2025-03-27 20:27:55Z INFO HostContext] Well known config file 'Service': 'C:\Users\Bruno\OneDrive\Área de Trabalho\WBio\actions-runner\.service'
[2025-03-27 20:27:55Z INFO ConfigurationStore] ServiceConfigFilePath: C:\Users\Bruno\OneDrive\Área de Trabalho\WBio\actions-runner\.service
[2025-03-27 20:27:55Z INFO CommandSettings] Flag 'help': 'False'
[2025-03-27 20:27:55Z INFO CommandSettings] Flag 'version': 'False'
[2025-03-27 20:27:55Z INFO CommandSettings] Flag 'commit': 'False'
[2025-03-27 20:27:55Z INFO CommandSettings] Flag 'check': 'False'
[2025-03-27 20:27:55Z INFO CommandSettings] Command 'configure': 'False'
[2025-03-27 20:27:55Z INFO CommandSettings] Command 'remove': 'False'
[2025-03-27 20:27:55Z INFO CommandSettings] Command 'warmup': 'False'
[2025-03-27 20:27:55Z INFO ConfigurationManager] LoadSettings
[2025-03-27 20:27:55Z INFO ConfigurationStore] IsConfigured()
[2025-03-27 20:27:55Z INFO ConfigurationStore] IsConfigured: True
[2025-03-27 20:27:55Z INFO ConfigurationManager] Is configured: True
[2025-03-27 20:27:55Z INFO ConfigurationStore] Read setting file: 292 chars
[2025-03-27 20:27:55Z INFO ConfigurationManager] Settings Loaded
[2025-03-27 20:27:55Z INFO ConfigurationStore] IsServiceConfigured()
[2025-03-27 20:27:55Z INFO ConfigurationStore] IsServiceConfigured: False
[2025-03-27 20:27:55Z INFO CommandSettings] Command 'run': 'True'
[2025-03-27 20:27:55Z INFO ConfigurationStore] IsConfigured()
[2025-03-27 20:27:55Z INFO ConfigurationStore] IsConfigured: True
[2025-03-27 20:27:55Z INFO ConfigurationManager] Is configured: True
[2025-03-27 20:27:55Z INFO Runner] Could not parse the argument value '' for StartupType. Defaulting to Manual
[2025-03-27 20:27:55Z INFO Runner] Set runner startup type - Manual
[2025-03-27 20:27:55Z INFO CommandSettings] Flag 'once': 'False'
[2025-03-27 20:27:55Z INFO CommandSettings] Flag 'once': 'False'
[2025-03-27 20:27:55Z INFO Runner] RunAsync
[2025-03-27 20:27:55Z INFO ConfigurationManager] LoadSettings
[2025-03-27 20:27:55Z INFO ConfigurationStore] IsConfigured()
[2025-03-27 20:27:55Z INFO ConfigurationStore] IsConfigured: True
[2025-03-27 20:27:55Z INFO ConfigurationManager] Is configured: True
[2025-03-27 20:27:55Z INFO ConfigurationManager] Settings Loaded
[2025-03-27 20:27:55Z INFO MessageListener] {
  "AgentId": 2,
  "AgentName": "SYHUNT",
  "PoolId": 1,
  "PoolName": "Default",
  "ServerUrl": "https://pipelinesghubeus26.actions.githubusercontent.com/V4WiDYvNxDZ5Eu26SZTDhlIpE4goOL8PmullF7tTCHnqevgtXO/",
  "GitHubUrl": "https://github.com/tavss1/WBio",
  "WorkFolder": "_work"
}
[2025-03-27 20:27:55Z INFO MessageListener] Loading Credentials
[2025-03-27 20:27:55Z INFO ConfigurationStore] HasCredentials()
[2025-03-27 20:27:55Z INFO ConfigurationStore] stored True
[2025-03-27 20:27:55Z INFO CredentialManager] GetCredentialProvider
[2025-03-27 20:27:55Z INFO CredentialManager] Creating type OAuth
[2025-03-27 20:27:55Z INFO CredentialManager] Creating credential type: OAuth
[2025-03-27 20:27:55Z INFO HostContext] Well known directory 'Bin': 'C:\Users\Bruno\OneDrive\Área de Trabalho\WBio\actions-runner\bin'
[2025-03-27 20:27:55Z INFO HostContext] Well known directory 'Root': 'C:\Users\Bruno\OneDrive\Área de Trabalho\WBio\actions-runner'
[2025-03-27 20:27:55Z INFO HostContext] Well known config file 'RSACredentials': 'C:\Users\Bruno\OneDrive\Área de Trabalho\WBio\actions-runner\.credentials_rsaparams'
[2025-03-27 20:27:55Z INFO RSAEncryptedFileKeyManager] Loading RSA key parameters from file C:\Users\Bruno\OneDrive\Área de Trabalho\WBio\actions-runner\.credentials_rsaparams
[2025-03-27 20:27:55Z INFO MessageListener] Attempt to create session.
[2025-03-27 20:27:55Z INFO MessageListener] Connecting to the Runner Server...
[2025-03-27 20:27:55Z INFO RunnerServer] EstablishVssConnection
[2025-03-27 20:27:55Z INFO RunnerServer] Establish connection with 100 seconds timeout.
[2025-03-27 20:27:55Z INFO GitHubActionsService] Starting operation Location.GetConnectionData
[2025-03-27 20:27:55Z INFO RunnerServer] EstablishVssConnection
[2025-03-27 20:27:55Z INFO RunnerServer] Establish connection with 60 seconds timeout.
[2025-03-27 20:27:55Z INFO GitHubActionsService] Starting operation Location.GetConnectionData
[2025-03-27 20:27:55Z INFO RunnerServer] EstablishVssConnection
[2025-03-27 20:27:55Z INFO RunnerServer] Establish connection with 60 seconds timeout.
[2025-03-27 20:27:55Z INFO GitHubActionsService] Starting operation Location.GetConnectionData
[2025-03-27 20:27:56Z INFO GitHubActionsService] Finished operation Location.GetConnectionData
[2025-03-27 20:27:56Z INFO GitHubActionsService] Finished operation Location.GetConnectionData
[2025-03-27 20:27:56Z INFO GitHubActionsService] Finished operation Location.GetConnectionData
[2025-03-27 20:27:56Z INFO MessageListener] VssConnection created
[2025-03-27 20:27:56Z INFO Terminal] WRITE LINE: 
[2025-03-27 20:27:56Z INFO Terminal] WRITE LINE: 
[2025-03-27 20:27:56Z INFO RSAEncryptedFileKeyManager] Loading RSA key parameters from file C:\Users\Bruno\OneDrive\Área de Trabalho\WBio\actions-runner\.credentials_rsaparams
[2025-03-27 20:27:56Z INFO RSAEncryptedFileKeyManager] Loading RSA key parameters from file C:\Users\Bruno\OneDrive\Área de Trabalho\WBio\actions-runner\.credentials_rsaparams
[2025-03-27 20:27:56Z INFO GitHubActionsService] AAD Correlation ID for this token request: Unknown
[2025-03-27 20:27:57Z INFO MessageListener] Session created.
[2025-03-27 20:27:57Z INFO Terminal] WRITE LINE: Current runner version: '2.323.0'
[2025-03-27 20:27:57Z INFO Terminal] WRITE LINE: 2025-03-27 20:27:57Z: Listening for Jobs
[2025-03-27 20:27:57Z INFO JobDispatcher] Set runner/worker IPC timeout to 30 seconds.
[2025-03-27 20:27:57Z INFO RSAEncryptedFileKeyManager] Loading RSA key parameters from file C:\Users\Bruno\OneDrive\Área de Trabalho\WBio\actions-runner\.credentials_rsaparams
[2025-03-27 20:27:57Z INFO GitHubActionsService] AAD Correlation ID for this token request: Unknown
[2025-03-27 20:28:10Z INFO MessageListener] Message '2854851682738877895' received from session '269cb774-0a46-4fdf-9717-14d2fa450f2e'.
[2025-03-27 20:28:10Z INFO ConfigurationStore] HasCredentials()
[2025-03-27 20:28:10Z INFO ConfigurationStore] stored True
[2025-03-27 20:28:10Z INFO CredentialManager] GetCredentialProvider
[2025-03-27 20:28:10Z INFO CredentialManager] Creating type OAuth
[2025-03-27 20:28:10Z INFO CredentialManager] Creating credential type: OAuth
[2025-03-27 20:28:10Z INFO RSAEncryptedFileKeyManager] Loading RSA key parameters from file C:\Users\Bruno\OneDrive\Área de Trabalho\WBio\actions-runner\.credentials_rsaparams
[2025-03-27 20:28:10Z INFO RSAEncryptedFileKeyManager] Loading RSA key parameters from file C:\Users\Bruno\OneDrive\Área de Trabalho\WBio\actions-runner\.credentials_rsaparams
[2025-03-27 20:28:10Z INFO RSAEncryptedFileKeyManager] Loading RSA key parameters from file C:\Users\Bruno\OneDrive\Área de Trabalho\WBio\actions-runner\.credentials_rsaparams
[2025-03-27 20:28:11Z INFO GitHubActionsService] AAD Correlation ID for this token request: Unknown
[2025-03-27 20:28:12Z INFO JobDispatcher] Job request 0 for plan 870f9d48-76e4-4809-81a2-e55816f6a647 job b95d0d7b-d866-5786-87c1-a19fc747cbdf received.
[2025-03-27 20:28:12Z INFO MessageListener] Received job status event. JobState: Busy
[2025-03-27 20:28:12Z INFO MessageListener] _getMessagesTokenSource is already disposed.
[2025-03-27 20:28:12Z INFO Terminal] WRITE LINE: 2025-03-27 20:28:12Z: Running job: build
[2025-03-27 20:28:12Z INFO JobDispatcher] Start renew job request 0 for job b95d0d7b-d866-5786-87c1-a19fc747cbdf.
[2025-03-27 20:28:12Z INFO JobDispatcher] Successfully renew job b95d0d7b-d866-5786-87c1-a19fc747cbdf, job is valid till 27/03/2025 20:38:12
[2025-03-27 20:28:12Z INFO HostContext] Well known directory 'Bin': 'C:\Users\Bruno\OneDrive\Área de Trabalho\WBio\actions-runner\bin'
[2025-03-27 20:28:12Z INFO ProcessInvokerWrapper] Starting process:
[2025-03-27 20:28:12Z INFO ProcessInvokerWrapper]   File name: 'C:\Users\Bruno\OneDrive\Área de Trabalho\WBio\actions-runner\bin\Runner.Worker.exe'
[2025-03-27 20:28:12Z INFO ProcessInvokerWrapper]   Arguments: 'spawnclient 2328 2340'
[2025-03-27 20:28:12Z INFO ProcessInvokerWrapper]   Working directory: 'C:\Users\Bruno\OneDrive\Área de Trabalho\WBio\actions-runner\bin'
[2025-03-27 20:28:12Z INFO ProcessInvokerWrapper]   Require exit code zero: 'False'
[2025-03-27 20:28:12Z INFO ProcessInvokerWrapper]   Encoding web name:  ; code page: ''
[2025-03-27 20:28:12Z INFO ProcessInvokerWrapper]   Force kill process on cancellation: 'True'
[2025-03-27 20:28:12Z INFO ProcessInvokerWrapper]   Redirected STDIN: 'False'
[2025-03-27 20:28:12Z INFO ProcessInvokerWrapper]   Persist current code page: 'False'
[2025-03-27 20:28:12Z INFO ProcessInvokerWrapper]   Keep redirected STDIN open: 'False'
[2025-03-27 20:28:12Z INFO ProcessInvokerWrapper]   High priority process: 'True'
[2025-03-27 20:28:12Z INFO ProcessInvokerWrapper] Process started with process id 1324, waiting for process exit.
[2025-03-27 20:28:12Z INFO JobDispatcher] Send job request message to worker for job b95d0d7b-d866-5786-87c1-a19fc747cbdf.
[2025-03-27 20:28:12Z INFO ProcessChannel] Sending message of length 18375, with hash 'b42ef811f1ddccc86e212b01f4e7e6ef88fbe8400d4520ad3f20aa25fe312ef1'
[2025-03-27 20:28:12Z INFO JobNotification] Entering JobStarted Notification
[2025-03-27 20:28:12Z INFO JobNotification] Entering StartMonitor
[2025-03-27 20:29:12Z INFO JobDispatcher] Successfully renew job b95d0d7b-d866-5786-87c1-a19fc747cbdf, job is valid till 27/03/2025 20:39:13
[2025-03-27 20:30:13Z INFO JobDispatcher] Successfully renew job b95d0d7b-d866-5786-87c1-a19fc747cbdf, job is valid till 27/03/2025 20:40:13
[2025-03-27 20:31:13Z INFO JobDispatcher] Successfully renew job b95d0d7b-d866-5786-87c1-a19fc747cbdf, job is valid till 27/03/2025 20:41:13
[2025-03-27 20:32:13Z INFO JobDispatcher] Successfully renew job b95d0d7b-d866-5786-87c1-a19fc747cbdf, job is valid till 27/03/2025 20:42:13
[2025-03-27 20:33:13Z INFO JobDispatcher] Successfully renew job b95d0d7b-d866-5786-87c1-a19fc747cbdf, job is valid till 27/03/2025 20:43:13
[2025-03-27 20:34:13Z INFO JobDispatcher] Successfully renew job b95d0d7b-d866-5786-87c1-a19fc747cbdf, job is valid till 27/03/2025 20:44:14
[2025-03-27 20:35:14Z INFO JobDispatcher] Successfully renew job b95d0d7b-d866-5786-87c1-a19fc747cbdf, job is valid till 27/03/2025 20:45:14
[2025-03-27 20:36:14Z INFO JobDispatcher] Successfully renew job b95d0d7b-d866-5786-87c1-a19fc747cbdf, job is valid till 27/03/2025 20:46:14
[2025-03-27 20:37:14Z INFO JobDispatcher] Successfully renew job b95d0d7b-d866-5786-87c1-a19fc747cbdf, job is valid till 27/03/2025 20:47:14
[2025-03-27 20:38:14Z INFO JobDispatcher] Successfully renew job b95d0d7b-d866-5786-87c1-a19fc747cbdf, job is valid till 27/03/2025 20:48:14
[2025-03-27 20:39:14Z INFO JobDispatcher] Successfully renew job b95d0d7b-d866-5786-87c1-a19fc747cbdf, job is valid till 27/03/2025 20:49:14
[2025-03-27 20:40:15Z INFO JobDispatcher] Successfully renew job b95d0d7b-d866-5786-87c1-a19fc747cbdf, job is valid till 27/03/2025 20:50:15
[2025-03-27 20:41:15Z INFO JobDispatcher] Successfully renew job b95d0d7b-d866-5786-87c1-a19fc747cbdf, job is valid till 27/03/2025 20:51:15
[2025-03-27 20:41:24Z INFO HostContext] Runner will be shutdown for UserCancelled
[2025-03-27 20:41:24Z WARN GitHubActionsService] GET request to https://broker.actions.githubusercontent.com/message?sessionId=269cb774-0a46-4fdf-9717-14d2fa450f2e&status=Busy&runnerVersion=2.323.0&os=Windows&architecture=X64&disableUpdate=false has been cancelled.
[2025-03-27 20:41:24Z ERR  BrokerServer] Catch exception during request
[2025-03-27 20:41:24Z ERR  BrokerServer] System.Threading.Tasks.TaskCanceledException: The operation was canceled.
 ---> System.Threading.Tasks.TaskCanceledException: The operation was canceled.
 ---> System.IO.IOException: Unable to read data from the transport connection: A operação de E/S foi anulada devido a uma saída de thread ou a uma requisição de aplicativo..
 ---> System.Net.Sockets.SocketException (995): A operação de E/S foi anulada devido a uma saída de thread ou a uma requisição de aplicativo.
   --- End of inner exception stack trace ---
   at System.Net.Sockets.Socket.AwaitableSocketAsyncEventArgs.System.Threading.Tasks.Sources.IValueTaskSource<System.Int32>.GetResult(Int16 token)
   at System.Net.Security.SslStream.EnsureFullTlsFrameAsync[TIOAdapter](CancellationToken cancellationToken, Int32 estimatedSize)
   at System.Runtime.CompilerServices.PoolingAsyncValueTaskMethodBuilder`1.StateMachineBox`1.System.Threading.Tasks.Sources.IValueTaskSource<TResult>.GetResult(Int16 token)
   at System.Net.Security.SslStream.ReadAsyncInternal[TIOAdapter](Memory`1 buffer, CancellationToken cancellationToken)
   at System.Runtime.CompilerServices.PoolingAsyncValueTaskMethodBuilder`1.StateMachineBox`1.System.Threading.Tasks.Sources.IValueTaskSource<TResult>.GetResult(Int16 token)
   at System.Net.Http.HttpConnection.SendAsync(HttpRequestMessage request, Boolean async, CancellationToken cancellationToken)
   --- End of inner exception stack trace ---
   at System.Net.Http.HttpConnection.SendAsync(HttpRequestMessage request, Boolean async, CancellationToken cancellationToken)
   at System.Net.Http.AuthenticationHelper.SendWithNtAuthAsync(HttpRequestMessage request, Uri authUri, Boolean async, ICredentials credentials, Boolean isProxyAuth, HttpConnection connection, HttpConnectionPool connectionPool, CancellationToken cancellationToken)
   at System.Net.Http.HttpConnectionPool.SendWithVersionDetectionAndRetryAsync(HttpRequestMessage request, Boolean async, Boolean doRequestAuth, CancellationToken cancellationToken)
   at System.Net.Http.AuthenticationHelper.SendWithAuthAsync(HttpRequestMessage request, Uri authUri, Boolean async, ICredentials credentials, Boolean preAuthenticate, Boolean isProxyAuth, Boolean doRequestAuth, HttpConnectionPool pool, CancellationToken cancellationToken)
   at System.Net.Http.RedirectHandler.SendAsync(HttpRequestMessage request, Boolean async, CancellationToken cancellationToken)
   at GitHub.Services.Common.RawHttpMessageHandler.SendAsync(HttpRequestMessage request, CancellationToken cancellationToken)
   at GitHub.Services.Common.VssHttpRetryMessageHandler.SendAsync(HttpRequestMessage request, CancellationToken cancellationToken)
   at System.Net.Http.HttpClient.<SendAsync>g__Core|83_0(HttpRequestMessage request, HttpCompletionOption completionOption, CancellationTokenSource cts, Boolean disposeCts, CancellationTokenSource pendingRequestsCts, CancellationToken originalCancellationToken)
   --- End of inner exception stack trace ---
   at System.Net.Http.HttpClient.HandleFailure(Exception e, Boolean telemetryStarted, HttpResponseMessage response, CancellationTokenSource cts, CancellationToken cancellationToken, CancellationTokenSource pendingRequestsCts)
   at System.Net.Http.HttpClient.<SendAsync>g__Core|83_0(HttpRequestMessage request, HttpCompletionOption completionOption, CancellationTokenSource cts, Boolean disposeCts, CancellationTokenSource pendingRequestsCts, CancellationToken originalCancellationToken)
   at Sdk.WebApi.WebApi.RawHttpClientBase.SendAsync(HttpRequestMessage message, HttpCompletionOption completionOption, Object userState, CancellationToken cancellationToken)
   at Sdk.WebApi.WebApi.RawHttpClientBase.SendAsync[T](HttpRequestMessage message, Boolean readErrorBody, Object userState, CancellationToken cancellationToken)
   at Sdk.WebApi.WebApi.RawHttpClientBase.SendAsync[T](HttpMethod method, IEnumerable`1 additionalHeaders, Uri requestUri, HttpContent content, IEnumerable`1 queryParameters, Boolean readErrorBody, Object userState, CancellationToken cancellationToken)
   at GitHub.Actions.RunService.WebApi.BrokerHttpClient.GetRunnerMessageAsync(Nullable`1 sessionId, String runnerVersion, Nullable`1 status, String os, String architecture, Nullable`1 disableUpdate, CancellationToken cancellationToken)
   at GitHub.Runner.Common.BrokerServer.<>c__DisplayClass7_0.<<GetRunnerMessageAsync>b__0>d.MoveNext()
--- End of stack trace from previous location ---
   at GitHub.Runner.Common.RunnerService.RetryRequest[T](Func`1 func, CancellationToken cancellationToken, Int32 maxRetryAttemptsCount, Func`2 shouldRetry)
[2025-03-27 20:41:24Z ERR  BrokerServer] #####################################################
[2025-03-27 20:41:24Z ERR  BrokerServer] System.Threading.Tasks.TaskCanceledException: The operation was canceled.
 ---> System.IO.IOException: Unable to read data from the transport connection: A operação de E/S foi anulada devido a uma saída de thread ou a uma requisição de aplicativo..
 ---> System.Net.Sockets.SocketException (995): A operação de E/S foi anulada devido a uma saída de thread ou a uma requisição de aplicativo.
   --- End of inner exception stack trace ---
   at System.Net.Sockets.Socket.AwaitableSocketAsyncEventArgs.System.Threading.Tasks.Sources.IValueTaskSource<System.Int32>.GetResult(Int16 token)
   at System.Net.Security.SslStream.EnsureFullTlsFrameAsync[TIOAdapter](CancellationToken cancellationToken, Int32 estimatedSize)
   at System.Runtime.CompilerServices.PoolingAsyncValueTaskMethodBuilder`1.StateMachineBox`1.System.Threading.Tasks.Sources.IValueTaskSource<TResult>.GetResult(Int16 token)
   at System.Net.Security.SslStream.ReadAsyncInternal[TIOAdapter](Memory`1 buffer, CancellationToken cancellationToken)
   at System.Runtime.CompilerServices.PoolingAsyncValueTaskMethodBuilder`1.StateMachineBox`1.System.Threading.Tasks.Sources.IValueTaskSource<TResult>.GetResult(Int16 token)
   at System.Net.Http.HttpConnection.SendAsync(HttpRequestMessage request, Boolean async, CancellationToken cancellationToken)
   --- End of inner exception stack trace ---
   at System.Net.Http.HttpConnection.SendAsync(HttpRequestMessage request, Boolean async, CancellationToken cancellationToken)
   at System.Net.Http.AuthenticationHelper.SendWithNtAuthAsync(HttpRequestMessage request, Uri authUri, Boolean async, ICredentials credentials, Boolean isProxyAuth, HttpConnection connection, HttpConnectionPool connectionPool, CancellationToken cancellationToken)
   at System.Net.Http.HttpConnectionPool.SendWithVersionDetectionAndRetryAsync(HttpRequestMessage request, Boolean async, Boolean doRequestAuth, CancellationToken cancellationToken)
   at System.Net.Http.AuthenticationHelper.SendWithAuthAsync(HttpRequestMessage request, Uri authUri, Boolean async, ICredentials credentials, Boolean preAuthenticate, Boolean isProxyAuth, Boolean doRequestAuth, HttpConnectionPool pool, CancellationToken cancellationToken)
   at System.Net.Http.RedirectHandler.SendAsync(HttpRequestMessage request, Boolean async, CancellationToken cancellationToken)
   at GitHub.Services.Common.RawHttpMessageHandler.SendAsync(HttpRequestMessage request, CancellationToken cancellationToken)
   at GitHub.Services.Common.VssHttpRetryMessageHandler.SendAsync(HttpRequestMessage request, CancellationToken cancellationToken)
   at System.Net.Http.HttpClient.<SendAsync>g__Core|83_0(HttpRequestMessage request, HttpCompletionOption completionOption, CancellationTokenSource cts, Boolean disposeCts, CancellationTokenSource pendingRequestsCts, CancellationToken originalCancellationToken)
[2025-03-27 20:41:24Z ERR  BrokerServer] #####################################################
[2025-03-27 20:41:24Z ERR  BrokerServer] System.IO.IOException: Unable to read data from the transport connection: A operação de E/S foi anulada devido a uma saída de thread ou a uma requisição de aplicativo..
 ---> System.Net.Sockets.SocketException (995): A operação de E/S foi anulada devido a uma saída de thread ou a uma requisição de aplicativo.
   --- End of inner exception stack trace ---
   at System.Net.Sockets.Socket.AwaitableSocketAsyncEventArgs.System.Threading.Tasks.Sources.IValueTaskSource<System.Int32>.GetResult(Int16 token)
   at System.Net.Security.SslStream.EnsureFullTlsFrameAsync[TIOAdapter](CancellationToken cancellationToken, Int32 estimatedSize)
   at System.Runtime.CompilerServices.PoolingAsyncValueTaskMethodBuilder`1.StateMachineBox`1.System.Threading.Tasks.Sources.IValueTaskSource<TResult>.GetResult(Int16 token)
   at System.Net.Security.SslStream.ReadAsyncInternal[TIOAdapter](Memory`1 buffer, CancellationToken cancellationToken)
   at System.Runtime.CompilerServices.PoolingAsyncValueTaskMethodBuilder`1.StateMachineBox`1.System.Threading.Tasks.Sources.IValueTaskSource<TResult>.GetResult(Int16 token)
   at System.Net.Http.HttpConnection.SendAsync(HttpRequestMessage request, Boolean async, CancellationToken cancellationToken)
[2025-03-27 20:41:24Z ERR  BrokerServer] #####################################################
[2025-03-27 20:41:24Z ERR  BrokerServer] System.Net.Sockets.SocketException (995): A operação de E/S foi anulada devido a uma saída de thread ou a uma requisição de aplicativo.
[2025-03-27 20:41:24Z WARN BrokerServer] Back off 10,909 seconds before next retry. 4 attempt left.
[2025-03-27 20:41:24Z INFO MessageListener] Get next message has been cancelled.
[2025-03-27 20:41:24Z INFO JobDispatcher] Shutting down JobDispatcher. Make sure all WorkerDispatcher has finished.
[2025-03-27 20:41:24Z INFO JobDispatcher] Ensure WorkerDispatcher for job b95d0d7b-d866-5786-87c1-a19fc747cbdf run to finish, cancel any running job.
[2025-03-27 20:41:24Z INFO JobDispatcher] Send job cancellation message to worker for job b95d0d7b-d866-5786-87c1-a19fc747cbdf.
[2025-03-27 20:41:24Z INFO ProcessChannel] Sending message of length 0, with hash 'e3b0c44298fc1c149afbf4c8996fb92427ae41e4649b934ca495991b7852b855'
[2025-03-27 20:41:29Z INFO ProcessInvokerWrapper] STDOUT/STDERR stream read finished.
[2025-03-27 20:41:29Z INFO ProcessInvokerWrapper] STDOUT/STDERR stream read finished.
[2025-03-27 20:41:29Z INFO ProcessInvokerWrapper] Finished process 1324 with exit code 102, and elapsed time 00:13:16.6340638.
[2025-03-27 20:41:29Z INFO JobDispatcher] finish job request for job b95d0d7b-d866-5786-87c1-a19fc747cbdf with result: Canceled
[2025-03-27 20:41:29Z INFO Terminal] WRITE LINE: 2025-03-27 20:41:29Z: Job build completed with result: Canceled
[2025-03-27 20:41:29Z INFO JobDispatcher] Stop renew job request for job b95d0d7b-d866-5786-87c1-a19fc747cbdf.
[2025-03-27 20:41:29Z INFO JobDispatcher] job renew has been cancelled, stop renew job b95d0d7b-d866-5786-87c1-a19fc747cbdf.
[2025-03-27 20:41:29Z INFO JobNotification] Entering JobCompleted Notification
[2025-03-27 20:41:29Z INFO JobNotification] Entering EndMonitor
[2025-03-27 20:41:29Z INFO Runner] Deleting Runner Session...
[2025-03-27 20:41:29Z INFO Listener] Runner execution been cancelled.
